#
# A fatal error has been detected by the Java Runtime Environment:
#
#  EXCEPTION_ACCESS_VIOLATION (0xc0000005) at pc=0x00007fffa9846280, pid=10140, tid=8240
#
# JRE version: OpenJDK Runtime Environment Temurin-17.0.11+9 (17.0.11+9) (build 17.0.11+9)
# Java VM: OpenJDK 64-Bit Server VM Temurin-17.0.11+9 (17.0.11+9, mixed mode, sharing, tiered, compressed oops, compressed class ptrs, g1 gc, windows-amd64)
# Problematic frame:
# C  [atio6axx.dll+0x196280]
#
# No core dump will be written. Minidumps are not enabled by default on client versions of Windows
#
# If you would like to submit a bug report, please visit:
#   https://github.com/adoptium/adoptium-support/issues
# The crash happened outside the Java Virtual Machine in native code.
# See problematic frame for where to report the bug.
#

---------------  S U M M A R Y ------------

Command Line: -Dforge.enableGameTest=true -Dforge.logging.console.level=debug -Dforge.logging.markers=REGISTRIES -DignoreList=bootstraplauncher,securejarhandler,asm-commons,asm-util,asm-analysis,asm-tree,asm,JarJarFileSystems,client-extra,fmlcore,javafmllanguage,lowcodelanguage,mclanguage,forge- -Djava.net.preferIPv6Addresses=system -DlegacyClassPath.file=C:\Users\IvnoGood\Desktop\hg\hg\build\classpath\runClient_minecraftClasspath.txt -DmergeModules=jna-5.10.0.jar,jna-platform-5.10.0.jar --module-path=C:\Users\IvnoGood\.mcreator\gradle\caches\modules-2\files-2.1\cpw.mods\bootstraplauncher\1.1.2\c546e00443d8432cda6baa1c860346980742628\bootstraplauncher-1.1.2.jar;C:\Users\IvnoGood\.mcreator\gradle\caches\modules-2\files-2.1\cpw.mods\securejarhandler\2.1.10\51e6a22c6c716beb11e244bf5b8be480f51dd6b5\securejarhandler-2.1.10.jar;C:\Users\IvnoGood\.mcreator\gradle\caches\modules-2\files-2.1\org.ow2.asm\asm-commons\9.7\e86dda4696d3c185fcc95d8d311904e7ce38a53f\asm-commons-9.7.jar;C:\Users\IvnoGood\.mcreator\gradle\caches\modules-2\files-2.1\org.ow2.asm\asm-util\9.7\c0655519f24d92af2202cb681cd7c1569df6ead6\asm-util-9.7.jar;C:\Users\IvnoGood\.mcreator\gradle\caches\modules-2\files-2.1\org.ow2.asm\asm-analysis\9.7\e4a258b7eb96107106c0599f0061cfc1832fe07a\asm-analysis-9.7.jar;C:\Users\IvnoGood\.mcreator\gradle\caches\modules-2\files-2.1\org.ow2.asm\asm-tree\9.7\e446a17b175bfb733b87c5c2560ccb4e57d69f1a\asm-tree-9.7.jar;C:\Users\IvnoGood\.mcreator\gradle\caches\modules-2\files-2.1\org.ow2.asm\asm\9.7\73d7b3086e14beb604ced229c302feff6449723\asm-9.7.jar;C:\Users\IvnoGood\.mcreator\gradle\caches\modules-2\files-2.1\net.minecraftforge\JarJarFileSystems\0.3.19\2464eb7d6b9ddb9db36a82cf8a95193e5c6fe020\JarJarFileSystems-0.3.19.jar --add-modules=ALL-MODULE-PATH --add-opens=java.base/java.util.jar=cpw.mods.securejarhandler --add-opens=java.base/java.lang.invoke=cpw.mods.securejarhandler --add-exports=java.base/sun.security.util=cpw.mods.securejarhandler --add-exports=jdk.naming.dns/com.sun.jndi.dns=java.naming -XX:HeapDumpPath=MojangTricksIntelDriversForPerformance_javaw.exe_minecraft.exe.heapdump -Dfile.encoding=UTF-8 -Duser.country=US -Duser.language=en -Duser.variant cpw.mods.bootstraplauncher.BootstrapLauncher --launchTarget forgeclientuserdev --version MOD_DEV --assetIndex 5 --assetsDir C:\Users\IvnoGood\.mcreator\gradle\caches\forge_gradle\assets --gameDir . --fml.forgeVersion 47.3.0 --fml.mcVersion 1.20.1 --fml.forgeGroup net.minecraftforge --fml.mcpVersion 20230612.114412

Host: AMD 3015e with Radeon Graphics                 , 4 cores, 3G,  Windows 10 , 64 bit Build 19041 (10.0.19041.3636)
Time: Tue Jul 16 23:05:00 2024 Paris, Madrid (heure duild 19041 (10.0.19041.3636) elapsed time: 10.566326 seconds (0d 0h 0m 10s)

---------------  T H R E A D  ---------------

Current thread (0x000001f854232f20):  JavaThread "main" [_thread_in_native, id=8240, stack(0x0000009ef4800000,0x0000009ef4900000)]

Stack: [0x0000009ef4800000,0x0000009ef4900000],  sp=0x0000009ef48fb798,  free space=1005k
Native frames: (J=compiled Java code, j=interpreted, Vv=VM code, C=native code)
C  [atio6axx.dll+0x196280]

Java frames: (J=compiled Java code, j=interpreted, Vv=VM code)
j  org.lwjgl.system.JNI.invokePPPP(IIJJJJ)J+0 org.lwjgl@3.3.1+7
j  org.lwjgl.glfw.GLFW.nglfwCreateWindow(IIJJJ)J+14 org.lwjgl.glfw@3.3.1+7
j  org.lwjgl.glfw.GLFW.glfwCreateWindow(IILjava/lang/CharSequence;JJ)J+34 org.lwjgl.glfw@3.3.1+7
j  net.minecraftforge.fml.earlydisplay.DisplayWindow.initWindow(Ljava/lang/String;)V+408 fmlearlydisplay@1.20.1-47.3.0
j  net.minecraftforge.fml.earlydisplay.DisplayWindow.start(Ljava/lang/String;Ljava/lang/String;)Ljava/lang/Runnable;+14 fmlearlydisplay@1.20.1-47.3.0
j  net.minecraftforge.fml.earlydisplay.DisplayWindow.initialize([Ljava/lang/String;)Ljava/lang/Runnable;+402 fmlearlydisplay@1.20.1-47.3.0
j  net.minecraftforge.fml.loading.ImmediateWindowHandler.load(Ljava/lang/String;[Ljava/lang/String;)V+180 fmlloader@1.20.1-47.3.0
j  net.minecraftforge.fml.loading.ModDirTransformerDiscoverer.earlyInitialization(Ljava/lang/String;[Ljava/lang/String;)V+2 fmlloader@1.20.1-47.3.0
j  cpw.mods.modlauncher.TransformationServicesHandler.lambda$discoverServices$18(Lcpw/mods/modlauncher/ArgumentHandler$DiscoveryData;Lcpw/mods/modlauncher/serviceapi/ITransformerDiscoveryService;)V+9 cpw.mods.modlauncher@10.0.9
j  cpw.mods.modlauncher.TransformationServicesHandler$$Lambda$416+0x000001f801217408.accept(Ljava/lang/Object;)V+8 cpw.mods.modlauncher@10.0.9
J 2415 c1 java.lang.Iterable.forEach(Ljava/util/function/Consumer;)V java.base@17.0.11 (39 bytes) @ 0x000001f85d8e961c [0x000001f85d8e9320+0x00000000000002fc]
j  cpw.mods.modlauncher.TransformationServicesHandler.discoverServices(Lcpw/mods/modlauncher/ArgumentHandler$DiscoveryData;)V+145 cpw.mods.modlauncher@10.0.9
j  cpw.mods.modlauncher.Launcher.run([Ljava/lang/String;)V+14 cpw.mods.modlauncher@10.0.9
j  cpw.mods.modlauncher.Launcher.main([Ljava/lang/String;)V+78 cpw.mods.modlauncher@10.0.9
j  cpw.mods.modlauncher.BootstrapLaunchConsumer.accept([Ljava/lang/String;)V+1 cpw.mods.modlauncher@10.0.9
j  cpw.mods.modlauncher.BootstrapLaunchConsumer.accept(Ljava/lang/Object;)V+5 cpw.mods.modlauncher@10.0.9
j  cpw.mods.bootstraplauncher.BootstrapLauncher.main([Ljava/lang/String;)V+515 cpw.mods.bootstraplauncher@1.1.2
v  ~StubRoutines::call_stub

siginfo: EXCEPTION_ACCESS_VIOLATION (0xc0000005), reading address 0xffffffffffffffff


Registers:
RAX=0x0000000000000000, RBX=0x00007fffad0d5a80, RCX=0x67726f5c312e322d, RDX=0x00000000000000d0
RSP=0x0000009ef48fb798, RBP=0x0000009ef48fb900, RSI=0x0000009ef48fb858, RDI=0x0000009ef48fbbf0
R8 =0x00000000000001a5, R9 =0x67726f5c312e322d, R10=0x0000000000000000, R11=0x0000000000000200
R12=0x00007fffad0d5a80, R13=0x00007fffad0d5ad8, R14=0x00007fffacfe4f88, R15=0x0000000000000000
RIP=0x00007fffa9846280, EFLAGS=0x0000000000010206


Register to memory mapping:

RIP=0x00007fffa9846280 atio6axx.dll
RAX=0x0 is NULL
RBX=0x00007fffad0d5a80 atio6axx.dll
RCX=0x67726f5c312e322d is an unknown value
RDX=0x00000000000000d0 is an unknown value
RSP=0x0000009ef48fb798 is pointing into the stack for thread: 0x000001f854232f20
RBP=0x0000009ef48fb900 is pointing into the stack for thread: 0x000001f854232f20
RSI=0x0000009ef48fb858 is pointing into the stack for thread: 0x000001f854232f20
RDI=0x0000009ef48fbbf0 is pointing into the stack for thread: 0x000001f854232f20
R8 =0x00000000000001a5 is an unknown value
R9 =0x67726f5c312e322d is an unknown value
R10=0x0 is NULL
R11=0x0000000000000200 is an unknown value
R12=0x00007fffad0d5a80 atio6axx.dll
R13=0x00007fffad0d5ad8 atio6axx.dll
R14=0x00007fffacfe4f88 atio6axx.dll
R15=0x0 is NULL


Top of Stack: (sp=0x0000009ef48fb798)
0x0000009ef48fb798:   00007fffa984659c 00007fffad0d86f0
0x0000009ef48fb7a8:   000001f878334ca8 0000000000000000
0x0000009ef48fb7b8:   00007fffa98475ad 0000009ef48fbbf0
0x0000009ef48fb7c8:   00007fffa9801af4 00007fffad0d5a80
0x0000009ef48fb7d8:   0000009ef48fb858 0000652e6176616a
0x0000009ef48fb7e8:   000034f9358e3b3b 0000009ef48fbbf0
0x0000009ef48fb7f8:   00007fffa9802ab5 00007fffad0d5a88
0x0000009ef48fb808:   0000009ef48fb858 0000009ef48fb858
0x0000009ef48fb818:   000001f87690553e 0000000000000000
0x0000009ef48fb828:   00007fff0000000a 000001f8769056f0
0x0000009ef48fb838:   000001f87690584c 00007fffad0d5a88
0x0000009ef48fb848:   0000009ef48fbbf0 0000009ef48fb9dc
0x0000009ef48fb858:   00007f006176616a 800000006176616a
0x0000009ef48fb868:   00007fffd638cd54 46676e697274535c
0x0000009ef48fb878:   5c6f666e49656c69 3062343039303430
0x0000009ef48fb888:   726556656c69465c 000000006e6f6973
0x0000009ef48fb898:   0000000000000000 0000000000000000
0x0000009ef48fb8a8:   0000000000000000 0000000a0000011c
0x0000009ef48fb8b8:   00004a6500000000 0000000000000002
0x0000009ef48fb8c8:   0000000000000000 0000000000000000
0x0000009ef48fb8d8:   0000000000000000 0000000000000000
0x0000009ef48fb8e8:   0000000000000000 0000000000000000
0x0000009ef48fb8f8:   0000000000000000 0000000000000000
0x0000009ef48fb908:   0000000000000000 0000000000000000
0x0000009ef48fb918:   0000000000000000 0000000000000000
0x0000009ef48fb928:   0000000000000000 0000000000000000
0x0000009ef48fb938:   0000000000000000 0000000000000000
0x0000009ef48fb948:   0000000000000000 0000000000000000
0x0000009ef48fb958:   0000000000000000 0000000000000000
0x0000009ef48fb968:   0000000000000000 0000000000000000
0x0000009ef48fb978:   0000000000000000 73726573555c3a43
0x0000009ef48fb988:   6f6f476f6e76495c 616572636d2e5c64 

Instructions: (pc=0x00007fffa9846280)
0x00007fffa9846180:   74 09 33 c9 ff 15 c6 72 6b 03 90 48 8b c3 48 83
0x00007fffa9846190:   c4 20 5b c3 cc cc cc cc cc cc cc cc cc cc cc cc
0x00007fffa98461a0:   48 83 ec 28 48 8b 51 08 48 85 d2 74 09 33 c9 ff
0x00007fffa98461b0:   15 9b 72 6b 03 90 48 83 c4 28 c3 cc cc cc cc cc
0x00007fffa98461c0:   48 89 11 c3 cc cc cc cc cc cc cc cc cc cc cc cc
0x00007fffa98461d0:   48 8b c1 c3 cc cc cc cc cc cc cc cc cc cc cc cc
0x00007fffa98461e0:   48 3b ca 74 10 41 8b 00 39 01 74 09 48 83 c1 04
0x00007fffa98461f0:   48 3b ca 75 f3 48 8b c1 c3 cc cc cc cc cc cc cc
0x00007fffa9846200:   48 8b c1 c3 cc cc cc cc cc cc cc cc cc cc cc cc
0x00007fffa9846210:   48 83 39 00 0f 94 c0 c3 cc cc cc cc cc cc cc cc
0x00007fffa9846220:   4c 8d 04 d5 00 00 00 00 33 d2 e9 d1 6e e0 01 cc
0x00007fffa9846230:   4c 8b 41 08 48 8b 02 49 89 00 48 83 41 08 08 c3
0x00007fffa9846240:   48 8b c1 c3 cc cc cc cc cc cc cc cc cc cc cc cc
0x00007fffa9846250:   48 8b c1 c3 cc cc cc cc cc cc cc cc cc cc cc cc
0x00007fffa9846260:   49 8b 00 48 89 02 c3 cc cc cc cc cc cc cc cc cc
0x00007fffa9846270:   8b 81 48 39 00 00 c3 cc cc cc cc cc cc cc cc cc
0x00007fffa9846280:   8b 81 48 39 00 00 83 c0 f0 83 f8 68 0f 87 5a 01
0x00007fffa9846290:   00 00 48 8d 15 67 9d e6 ff 0f b6 84 02 10 64 19
0x00007fffa98462a0:   00 8b 8c 82 f0 63 19 00 48 03 ca ff e1 48 8b 0d
0x00007fffa98462b0:   ec 5d 83 03 83 b9 04 37 00 00 02 0f 87 2b 01 00
0x00007fffa98462c0:   00 48 8d 91 30 2b 00 00 c7 02 e1 00 00 00 e9 ce
0x00007fffa98462d0:   00 00 00 48 8b 0d c6 5d 83 03 83 b9 04 37 00 00
0x00007fffa98462e0:   02 0f 87 05 01 00 00 48 8d 91 30 2b 00 00 c7 02
0x00007fffa98462f0:   f0 00 00 00 e9 a8 00 00 00 48 8b 0d a0 5d 83 03
0x00007fffa9846300:   83 b9 04 37 00 00 02 0f 87 df 00 00 00 48 8d 91
0x00007fffa9846310:   30 2b 00 00 c7 02 00 04 00 00 e9 82 00 00 00 48
0x00007fffa9846320:   8b 0d 7a 5d 83 03 83 b9 04 37 00 00 02 0f 87 b9
0x00007fffa9846330:   00 00 00 48 8d 91 30 2b 00 00 c7 02 00 08 00 00
0x00007fffa9846340:   eb 5f 48 8b 0d 57 5d 83 03 83 b9 04 37 00 00 02
0x00007fffa9846350:   0f 87 96 00 00 00 48 8d 91 30 2b 00 00 c7 02 00
0x00007fffa9846360:   09 00 00 eb 3c 48 8b 0d 34 5d 83 03 83 b9 04 37
0x00007fffa9846370:   00 00 02 77 77 48 8d 91 30 2b 00 00 c7 02 3c 0f 


Stack slot to memory mapping:
stack at sp + 0 slots: 0x00007fffa984659c atio6axx.dll
stack at sp + 1 slots: 0x00007fffad0d86f0 atio6axx.dll
stack at sp + 2 slots: 0x000001f878334ca8 points into unknown readable memory: 0x00007fffac8dd2f0 | f0 d2 8d ac ff 7f 00 00
stack at sp + 3 slots: 0x0 is NULL
stack at sp + 4 slots: 0x00007fffa98475ad atio6axx.dll
stack at sp + 5 slots: 0x0000009ef48fbbf0 is pointing into the stack for thread: 0x000001f854232f20
stack at sp + 6 slots: 0x00007fffa9801af4 atio6axx.dll
stack at sp + 7 slots: 0x00007fffad0d5a80 atio6axx.dll


Compiled method (c1)   10925 2415       3       java.lang.Iterable::forEach (39 bytes)
 total in heap  [0x000001f85d8e9110,0x000001f85d8e9b18] = 2568
 relocation     [0x000001f85d8e9268,0x000001f85d8e9308] = 160
 main code      [0x000001f85d8e9320,0x000001f85d8e98e0] = 1472
 stub code      [0x000001f85d8e98e0,0x000001f85d8e9968] = 136
 metadata       [0x000001f85d8e9968,0x000001f85d8e9978] = 16
 scopes data    [0x000001f85d8e9978,0x000001f85d8e9a08] = 144
 scopes pcs     [0x000001f85d8e9a08,0x000001f85d8e9af8] = 240
 dependencies   [0x000001f85d8e9af8,0x000001f85d8e9b00] = 8
 nul chk table  [0x000001f85d8e9b00,0x000001f85d8e9b18] = 24

[Constant Pool (empty)]

[MachCode]
[Entry Point]
  # {method} {0x000001f8000733e8} 'forEach' '(Ljava/util/function/Consumer;)V' in 'java/lang/Iterable'
  # this:     rdx:rdx   = 'java/lang/Iterable'
  # parm0:    r8:r8     = 'java/util/function/Consumer'
  #           [sp+0x70]  (sp of caller)
  0x000001f85d8e9320: 448b 5208 | 49bb 0000 | 0000 f801 | 0000 4d03 | d34c 3bd0 

  0x000001f85d8e9334: ;   {runtime_call ic_miss_stub}
  0x000001f85d8e9334: 0f85 467d | 1b07 660f | 1f44 0000 
[Verified Entry Point]
  0x000001f85d8e9340: 8984 2400 | 90ff ff55 | 4883 ec60 | 4c89 4424 

  0x000001f85d8e9350: ;   {metadata(method data for {method} {0x000001f8000733e8} 'forEach' '(Ljava/util/function/Consumer;)V' in 'java/lang/Iterable')}
  0x000001f85d8e9350: 3048 bee8 | ef3e 72f8 | 0100 008b | becc 0000 | 0083 c702 | 89be cc00 | 0000 81e7 | fe07 0000 
  0x000001f85d8e9370: 83ff 000f | 847d 0400 

  0x000001f85d8e9378: ;   {metadata(method data for {method} {0x000001f8000733e8} 'forEach' '(Ljava/util/function/Consumer;)V' in 'java/lang/Iterable')}
  0x000001f85d8e9378: 0048 bee8 | ef3e 72f8 | 0100 0048 | 8386 1001 

  0x000001f85d8e9388: ;   {metadata(method data for {method} {0x000001f800077cd8} 'requireNonNull' '(Ljava/lang/Object;)Ljava/lang/Object;' in 'java/util/Objects')}
  0x000001f85d8e9388: 0000 0148 | beb0 ef00 | 72f8 0100 | 008b becc | 0000 0083 | c702 89be | cc00 0000 | 81e7 feff 
  0x000001f85d8e93a8: 1f00 83ff | 000f 8464 | 0400 0049 

  0x000001f85d8e93b4: ;   {metadata(method data for {method} {0x000001f800077cd8} 'requireNonNull' '(Ljava/lang/Object;)Ljava/lang/Object;' in 'java/util/Objects')}
  0x000001f85d8e93b4: 83f8 0048 | beb0 ef00 | 72f8 0100 | 0048 bf20 | 0100 0000 | 0000 000f | 840a 0000 | 0048 bf10 
  0x000001f85d8e93d4: 0100 0000 | 0000 0048 | 8b1c 3e48 | 8d5b 0148 | 891c 3e0f | 8473 0300 | 0048 8bf2 

  0x000001f85d8e93f0: ;   {metadata(method data for {method} {0x000001f8000733e8} 'forEach' '(Ljava/util/function/Consumer;)V' in 'java/lang/Iterable')}
  0x000001f85d8e93f0: 48bf e8ef | 3e72 f801 | 0000 8b76 | 0849 ba00 | 0000 00f8 | 0100 0049 | 03f2 483b | b730 0100 
  0x000001f85d8e9410: 0075 0d48 | 8387 3801 | 0000 01e9 | 6600 0000 | 483b b740 | 0100 0075 | 0d48 8387 | 4801 0000 
  0x000001f85d8e9430: 01e9 5000 | 0000 4881 | bf30 0100 | 0000 0000 | 0075 1748 | 89b7 3001 | 0000 48c7 | 8738 0100 
  0x000001f85d8e9450: 0001 0000 | 00e9 2c00 | 0000 4881 | bf40 0100 | 0000 0000 | 0075 1748 | 89b7 4001 | 0000 48c7 
  0x000001f85d8e9470: 8748 0100 | 0001 0000 | 00e9 0800 | 0000 4883 | 8720 0100 | 0001 0f1f | 8000 0000 | 0048 b840 
  0x000001f85d8e9490: 349c 77f8 

  0x000001f85d8e9494: ;   {virtual_call}
  0x000001f85d8e9494: 0100 00e8 

  0x000001f85d8e9498: ; ImmutableOopMap {[48]=Oop }
                      ;*invokeinterface iterator {reexecute=0 rethrow=0 return_oop=0}
                      ; - java.lang.Iterable::forEach@6 (line 74)
  0x000001f85d8e9498: f471 2607 | 4889 4424 | 38e9 bd01 | 0000 6690 | 488b 4424 

  0x000001f85d8e94ac: ;   {metadata(method data for {method} {0x000001f8000733e8} 'forEach' '(Ljava/util/function/Consumer;)V' in 'java/lang/Iterable')}
  0x000001f85d8e94ac: 3848 bae8 | ef3e 72f8 | 0100 008b | 4008 49ba | 0000 0000 | f801 0000 | 4903 c248 | 3b82 c001 
  0x000001f85d8e94cc: 0000 750d | 4883 82c8 | 0100 0001 | e966 0000 | 0048 3b82 | d001 0000 | 750d 4883 | 82d8 0100 
  0x000001f85d8e94ec: 0001 e950 | 0000 0048 | 81ba c001 | 0000 0000 | 0000 7517 | 4889 82c0 | 0100 0048 | c782 c801 
  0x000001f85d8e950c: 0000 0100 | 0000 e92c | 0000 0048 | 81ba d001 | 0000 0000 | 0000 7517 | 4889 82d0 | 0100 0048 
  0x000001f85d8e952c: c782 d801 | 0000 0100 | 0000 e908 | 0000 0048 | 8382 b001 | 0000 0148 | 8b54 2438 | 0f1f 4400 
  0x000001f85d8e954c: 0048 b8b0 | 369c 77f8 

  0x000001f85d8e9554: ;   {virtual_call}
  0x000001f85d8e9554: 0100 00e8 

  0x000001f85d8e9558: ; ImmutableOopMap {[56]=Oop [48]=Oop }
                      ;*invokeinterface next {reexecute=0 rethrow=0 return_oop=0}
                      ; - java.lang.Iterable::forEach@22 (line 74)
  0x000001f85d8e9558: 1474 2607 | 4c8b 4424 | 3049 3b00 

  0x000001f85d8e9564: ;   {metadata(method data for {method} {0x000001f8000733e8} 'forEach' '(Ljava/util/function/Consumer;)V' in 'java/lang/Iterable')}
  0x000001f85d8e9564: 498b d048 | bee8 ef3e | 72f8 0100 | 008b 5208 | 49ba 0000 | 0000 f801 | 0000 4903 | d248 3b96 
  0x000001f85d8e9584: f801 0000 | 750d 4883 | 8600 0200 | 0001 e966 | 0000 0048 | 3b96 0802 | 0000 750d | 4883 8610 
  0x000001f85d8e95a4: 0200 0001 | e950 0000 | 0048 81be | f801 0000 | 0000 0000 | 7517 4889 | 96f8 0100 | 0048 c786 
  0x000001f85d8e95c4: 0002 0000 | 0100 0000 | e92c 0000 | 0048 81be | 0802 0000 | 0000 0000 | 7517 4889 | 9608 0200 
  0x000001f85d8e95e4: 0048 c786 | 1002 0000 | 0100 0000 | e908 0000 | 0048 8386 | e801 0000 | 0149 8bf0 | 4c8b c048 
  0x000001f85d8e9604: 8bd6 0f1f | 8000 0000 | 0048 b830 | d79c 77f8 

  0x000001f85d8e9614: ;   {virtual_call}
  0x000001f85d8e9614: 0100 00e8 

  0x000001f85d8e9618: ; ImmutableOopMap {[56]=Oop [48]=Oop }
                      ;*invokeinterface accept {reexecute=0 rethrow=0 return_oop=0}
                      ; - java.lang.Iterable::forEach@30 (line 75)
  0x000001f85d8e9618: 7470 2607 

  0x000001f85d8e961c: ;   {metadata(method data for {method} {0x000001f8000733e8} 'forEach' '(Ljava/util/function/Consumer;)V' in 'java/lang/Iterable')}
  0x000001f85d8e961c: 48ba e8ef | 3e72 f801 | 0000 8bb2 | d000 0000 | 83c6 0289 | b2d0 0000 | 0081 e6fe | 3f00 0083 
  0x000001f85d8e963c: fe00 0f84 | f901 0000 | 4d8b 9758 

  0x000001f85d8e9648: ; ImmutableOopMap {[56]=Oop [48]=Oop }
                      ;*goto {reexecute=1 rethrow=0 return_oop=0}
                      ; - (reexecute) java.lang.Iterable::forEach@35 (line 76)
                      ;   {poll}
  0x000001f85d8e9648: 0300 0041 

  0x000001f85d8e964c: ;   {metadata(method data for {method} {0x000001f8000733e8} 'forEach' '(Ljava/util/function/Consumer;)V' in 'java/lang/Iterable')}
  0x000001f85d8e964c: 8502 48ba | e8ef 3e72 | f801 0000 | ff82 2002 | 0000 488b | 4424 3848 | 3b00 488b 

  0x000001f85d8e9668: ;   {metadata(method data for {method} {0x000001f8000733e8} 'forEach' '(Ljava/util/function/Consumer;)V' in 'java/lang/Iterable')}
  0x000001f85d8e9668: d048 bee8 | ef3e 72f8 | 0100 008b | 5208 49ba | 0000 0000 | f801 0000 | 4903 d248 | 3b96 6801 
  0x000001f85d8e9688: 0000 750d | 4883 8670 | 0100 0001 | e966 0000 | 0048 3b96 | 7801 0000 | 750d 4883 | 8680 0100 
  0x000001f85d8e96a8: 0001 e950 | 0000 0048 | 81be 6801 | 0000 0000 | 0000 7517 | 4889 9668 | 0100 0048 | c786 7001 
  0x000001f85d8e96c8: 0000 0100 | 0000 e92c | 0000 0048 | 81be 7801 | 0000 0000 | 0000 7517 | 4889 9678 | 0100 0048 
  0x000001f85d8e96e8: c786 8001 | 0000 0100 | 0000 e908 | 0000 0048 | 8386 5801 | 0000 0148 | 8bd0 6666 | 9048 b830 
  0x000001f85d8e9708: 329c 77f8 

  0x000001f85d8e970c: ;   {virtual_call}
  0x000001f85d8e970c: 0100 00e8 

  0x000001f85d8e9710: ; ImmutableOopMap {[48]=Oop [56]=Oop }
                      ;*invokeinterface hasNext {reexecute=0 rethrow=0 return_oop=0}
                      ; - java.lang.Iterable::forEach@13 (line 74)
  0x000001f85d8e9710: 8c70 2607 

  0x000001f85d8e9714: ;   {metadata(method data for {method} {0x000001f8000733e8} 'forEach' '(Ljava/util/function/Consumer;)V' in 'java/lang/Iterable')}
  0x000001f85d8e9714: 83f8 0048 | bae8 ef3e | 72f8 0100 | 0048 bea0 | 0100 0000 | 0000 000f | 850a 0000 | 0048 be90 
  0x000001f85d8e9734: 0100 0000 | 0000 0048 | 8b3c 3248 | 8d7f 0148 | 893c 320f | 855b fdff | ff48 83c4 

  0x000001f85d8e9750: ;   {poll_return}
  0x000001f85d8e9750: 605d 493b | a750 0300 | 000f 8704 | 0100 00c3 | 4889 5424 | 4866 6690 

  0x000001f85d8e9768: ;   {no_reloc}
  0x000001f85d8e9768: e91b 0100 | 0000 0000 | 0000 498b | 8708 0100 | 0048 8d78 | 3049 3bbf | 1801 0000 | 0f87 0801 
  0x000001f85d8e9788: 0000 4989 | bf08 0100 | 0048 c700 | 0100 0000 | 488b ca49 | ba00 0000 | 00f8 0100 | 0049 2bca 
  0x000001f85d8e97a8: 8948 0848 | 33c9 8948 | 0c48 33c9 | 4889 4810 | 4889 4818 | 4889 4820 | 4889 4828 

  0x000001f85d8e97c4: ;   {metadata(method data for {method} {0x000001f800077cd8} 'requireNonNull' '(Ljava/lang/Object;)Ljava/lang/Object;' in 'java/util/Objects')}
  0x000001f85d8e97c4: 488b d048 | beb0 ef00 | 72f8 0100 | 0048 8386 | 3001 0000 | 0148 8bd0 | 4889 4424 | 4066 0f1f 
  0x000001f85d8e97e4: ;   {optimized virtual_call}
  0x000001f85d8e97e4: 4400 00e8 

  0x000001f85d8e97e8: ; ImmutableOopMap {[48]=Oop [64]=Oop [72]=Oop }
                      ;*invokespecial <init> {reexecute=0 rethrow=0 return_oop=0}
                      ; - java.util.Objects::requireNonNull@8 (line 209)
                      ; - java.lang.Iterable::forEach@1 (line 73)
  0x000001f85d8e97e8: 947b 1b07 | 488b 4424 | 40e9 c800 

  0x000001f85d8e97f4: ;   {metadata({method} {0x000001f8000733e8} 'forEach' '(Ljava/util/function/Consumer;)V' in 'java/lang/Iterable')}
  0x000001f85d8e97f4: 0000 49ba | e033 0700 | f801 0000 | 4c89 5424 | 0848 c704 | 24ff ffff 

  0x000001f85d8e980c: ;   {runtime_call counter_overflow Runtime1 stub}
  0x000001f85d8e980c: ffe8 6ef0 

  0x000001f85d8e9810: ; ImmutableOopMap {rdx=Oop r8=Oop [48]=Oop }
                      ;*synchronization entry
                      ; - java.lang.Iterable::forEach@-1 (line 73)
  0x000001f85d8e9810: 2507 e962 

  0x000001f85d8e9814: ;   {metadata({method} {0x000001f800077cd8} 'requireNonNull' '(Ljava/lang/Object;)Ljava/lang/Object;' in 'java/util/Objects')}
  0x000001f85d8e9814: fbff ff49 | bad0 7c07 | 00f8 0100 | 004c 8954 | 2408 48c7 | 0424 ffff 

  0x000001f85d8e982c: ;   {runtime_call counter_overflow Runtime1 stub}
  0x000001f85d8e982c: ffff e84d 

  0x000001f85d8e9830: ; ImmutableOopMap {rdx=Oop r8=Oop [48]=Oop }
                      ;*synchronization entry
                      ; - java.util.Objects::requireNonNull@-1 (line 208)
                      ; - java.lang.Iterable::forEach@1 (line 73)
  0x000001f85d8e9830: f025 07e9 | 7bfb ffff 

  0x000001f85d8e9838: ;   {runtime_call throw_null_pointer_exception Runtime1 stub}
  0x000001f85d8e9838: e863 9f25 

  0x000001f85d8e983c: ; ImmutableOopMap {[56]=Oop rax=Oop r8=Oop [48]=Oop }
                      ;*invokeinterface accept {reexecute=0 rethrow=0 return_oop=0}
                      ; - java.lang.Iterable::forEach@30 (line 75)
                      ;   {metadata({method} {0x000001f8000733e8} 'forEach' '(Ljava/util/function/Consumer;)V' in 'java/lang/Iterable')}
  0x000001f85d8e983c: 0749 bae0 | 3307 00f8 | 0100 004c | 8954 2408 | 48c7 0424 | 2300 0000 

  0x000001f85d8e9854: ;   {runtime_call counter_overflow Runtime1 stub}
  0x000001f85d8e9854: e827 f025 

  0x000001f85d8e9858: ; ImmutableOopMap {[56]=Oop [48]=Oop }
                      ;*goto {reexecute=1 rethrow=0 return_oop=0}
                      ; - (reexecute) java.lang.Iterable::forEach@35 (line 76)
  0x000001f85d8e9858: 07e9 e6fd 

  0x000001f85d8e985c: ;   {runtime_call throw_null_pointer_exception Runtime1 stub}
  0x000001f85d8e985c: ffff e83d 

  0x000001f85d8e9860: ; ImmutableOopMap {rax=Oop [56]=Oop [48]=Oop }
                      ;*invokeinterface hasNext {reexecute=0 rethrow=0 return_oop=0}
                      ; - java.lang.Iterable::forEach@13 (line 74)
                      ;   {internal_word}
  0x000001f85d8e9860: 9f25 0749 | ba52 978e | 5df8 0100 | 004d 8997 | 6803 0000 

  0x000001f85d8e9874: ;   {runtime_call SafepointBlob}
  0x000001f85d8e9874: e987 e11b 

  0x000001f85d8e9878: ;   {metadata(NULL)}
  0x000001f85d8e9878: 0748 ba00 | 0000 0000 | 0000 00b8 | 000f 050a 

  0x000001f85d8e9888: ;   {runtime_call load_klass_patching Runtime1 stub}
  0x000001f85d8e9888: e873 df25 

  0x000001f85d8e988c: ; ImmutableOopMap {[48]=Oop [72]=Oop }
                      ;*new {reexecute=1 rethrow=0 return_oop=0}
                      ; - (reexecute) java.util.Objects::requireNonNull@4 (line 209)
                      ; - java.lang.Iterable::forEach@1 (line 73)
  0x000001f85d8e988c: 07e9 d6fe | ffff 488b 

  0x000001f85d8e9894: ;   {runtime_call fast_new_instance Runtime1 stub}
  0x000001f85d8e9894: d2e8 e6a7 

  0x000001f85d8e9898: ; ImmutableOopMap {[48]=Oop [72]=Oop }
                      ;*new {reexecute=0 rethrow=0 return_oop=0}
                      ; - java.util.Objects::requireNonNull@4 (line 209)
                      ; - java.lang.Iterable::forEach@1 (line 73)
  0x000001f85d8e9898: 2507 e925 | ffff ff90 | 9049 8b87 | e003 0000 | 49c7 87e0 | 0300 0000 | 0000 0049 | c787 e803 
  0x000001f85d8e98b8: 0000 0000 | 0000 4883 

  0x000001f85d8e98c0: ;   {runtime_call unwind_exception Runtime1 stub}
  0x000001f85d8e98c0: c460 5de9 | 38bf 1c07 | f4f4 f4f4 | f4f4 f4f4 | f4f4 f4f4 | f4f4 f4f4 | f4f4 f4f4 | f4f4 f4f4 
[Stub Code]
  0x000001f85d8e98e0: ;   {no_reloc}
  0x000001f85d8e98e0: 0f1f 4400 

  0x000001f85d8e98e4: ;   {static_stub}
  0x000001f85d8e98e4: 0048 bb00 | 0000 0000 

  0x000001f85d8e98ec: ;   {runtime_call}
  0x000001f85d8e98ec: 0000 00e9 | fbff ffff 

  0x000001f85d8e98f4: ;   {static_stub}
  0x000001f85d8e98f4: 9048 bb00 | 0000 0000 

  0x000001f85d8e98fc: ;   {runtime_call}
  0x000001f85d8e98fc: 0000 00e9 | fbff ffff 

  0x000001f85d8e9904: ;   {static_stub}
  0x000001f85d8e9904: 9048 bb00 | 0000 0000 

  0x000001f85d8e990c: ;   {runtime_call}
  0x000001f85d8e990c: 0000 00e9 | fbff ffff 

  0x000001f85d8e9914: ;   {static_stub}
  0x000001f85d8e9914: 9048 bb00 | 0000 0000 

  0x000001f85d8e991c: ;   {runtime_call}
  0x000001f85d8e991c: 0000 00e9 | fbff ffff 

  0x000001f85d8e9924: ;   {static_stub}
  0x000001f85d8e9924: 9048 bb00 | 0000 0000 

  0x000001f85d8e992c: ;   {runtime_call}
  0x000001f85d8e992c: 0000 00e9 | fbff ffff 
[Exception Handler]
  0x000001f85d8e9934: ;   {runtime_call handle_exception_from_callee Runtime1 stub}
  0x000001f85d8e9934: e847 bc25 

  0x000001f85d8e9938: ;   {external_word}
  0x000001f85d8e9938: 0748 b930 | 9ab5 8dff | 7f00 0048 

  0x000001f85d8e9944: ;   {runtime_call}
  0x000001f85d8e9944: 83e4 f049 | ba40 2b7e | 8dff 7f00 | 0041 ffd2 

  0x000001f85d8e9954: ;   {section_word}
  0x000001f85d8e9954: f449 ba55 | 998e 5df8 | 0100 0041 

  0x000001f85d8e9960: ;   {runtime_call DeoptimizationBlob}
  0x000001f85d8e9960: 52e9 3ad3 | 1b07 f4f4 
[/MachCode]


---------------  P R O C E S S  ---------------

Threads class SMR info:
_java_thread_list=0x000001f876fc0e90, length=13, elements={
0x000001f854232f20, 0x000001f871104970, 0x000001f871105600, 0x000001f87111acd0,
0x000001f87111b7a0, 0x000001f87111e080, 0x000001f87111e950, 0x000001f871121560,
0x000001f871121e70, 0x000001f8711935a0, 0x000001f87133f530, 0x000001f871504ac0,
0x000001f87847c320
}

Java Threads: ( => current thread )
=>0x000001f854232f20 JavaThread "main" [_thread_in_native, id=8240, stack(0x0000009ef4800000,0x0000009ef4900000)]
  0x000001f871104970 JavaThread "Reference Handler" daemon [_thread_blocked, id=5332, stack(0x0000009ef4f00000,0x0000009ef5000000)]
  0x000001f871105600 JavaThread "Finalizer" daemon [_thread_blocked, id=2304, stack(0x0000009ef5000000,0x0000009ef5100000)]
  0x000001f87111acd0 JavaThread "Signal Dispatcher" daemon [_thread_blocked, id=7024, stack(0x0000009ef5100000,0x0000009ef5200000)]
  0x000001f87111b7a0 JavaThread "Attach Listener" daemon [_thread_blocked, id=1244, stack(0x0000009ef5200000,0x0000009ef5300000)]
  0x000001f87111e080 JavaThread "Service Thread" daemon [_thread_blocked, id=10224, stack(0x0000009ef5300000,0x0000009ef5400000)]
  0x000001f87111e950 JavaThread "Monitor Deflation Thread" daemon [_thread_blocked, id=9448, stack(0x0000009ef5400000,0x0000009ef5500000)]
  0x000001f871121560 JavaThread "C2 CompilerThread0" daemon [_thread_in_native, id=2560, stack(0x0000009ef5500000,0x0000009ef5600000)]
  0x000001f871121e70 JavaThread "C1 CompilerThread0" daemon [_thread_blocked, id=3600, stack(0x0000009ef5600000,0x0000009ef5700000)]
  0x000001f8711935a0 JavaThread "Sweeper thread" daemon [_thread_blocked, id=3628, stack(0x0000009ef5700000,0x0000009ef5800000)]
  0x000001f87133f530 JavaThread "Common-Cleaner" daemon [_thread_blocked, id=9712, stack(0x0000009ef5800000,0x0000009ef5900000)]
  0x000001f871504ac0 JavaThread "Notification Thread" daemon [_thread_blocked, id=9348, stack(0x0000009ef5900000,0x0000009ef5a00000)]
  0x000001f87847c320 JavaThread "pool-2-thread-1" daemon [_thread_blocked, id=8164, stack(0x0000009ef6100000,0x0000009ef6200000)]

Other Threads:
  0x000001f8542ce610 VMThread "VM Thread" [stack: 0x0000009ef4e00000,0x0000009ef4f00000] [id=9428]
  0x000001f854233df0 WatcherThread [stack: 0x0000009ef5a00000,0x0000009ef5b00000] [id=10108]
  0x000001f854269de0 GCTaskThread "GC Thread#0" [stack: 0x0000009ef4900000,0x0000009ef4a00000] [id=10028]
  0x000001f8714d45c0 GCTaskThread "GC Thread#1" [stack: 0x0000009ef5b00000,0x0000009ef5c00000] [id=10184]
  0x000001f8715cb2f0 GCTaskThread "GC Thread#2" [stack: 0x0000009ef5c00000,0x0000009ef5d00000] [id=6032]
  0x000001f8715cb5b0 GCTaskThread "GC Thread#3" [stack: 0x0000009ef5d00000,0x0000009ef5e00000] [id=3392]
  0x000001f854271fa0 ConcurrentGCThread "G1 Main Marker" [stack: 0x0000009ef4a00000,0x0000009ef4b00000] [id=4328]
  0x000001f8542738e0 ConcurrentGCThread "G1 Conc#0" [stack: 0x0000009ef4b00000,0x0000009ef4c00000] [id=9148]
  0x000001f8542afd00 ConcurrentGCThread "G1 Refine#0" [stack: 0x0000009ef4c00000,0x0000009ef4d00000] [id=9260]
  0x000001f8542b0640 ConcurrentGCThread "G1 Service" [stack: 0x0000009ef4d00000,0x0000009ef4e00000] [id=9316]

Threads with active compile tasks:
C2 CompilerThread0    11024 2134       4       java.nio.file.FileTreeIterator::next (49 bytes)

VM state: not at safepoint (normal execution)

VM Mutex/Monitor currently owned by a thread: None

Heap address: 0x00000000ca200000, size: 862 MB, Compressed Oops mode: 32-bit

CDS archive(s) mapped at: [0x000001f800000000-0x000001f800bb0000-0x000001f800bb0000), size 12255232, SharedBaseAddress: 0x000001f800000000, ArchiveRelocationMode: 1.
Compressed class space mapped at: 0x000001f801000000-0x000001f841000000, reserved size: 1073741824
Narrow klass base: 0x000001f800000000, Narrow klass shift: 0, Narrow klass range: 0x100000000

GC Precious Log:
 CPUs: 4 total, 4 available
 Memory: 3440M
 Large Page Support: Disabled
 NUMA Support: Disabled
 Compressed Oops: Enabled (32-bit)
 Heap Region Size: 1M
 Heap Min Capacity: 8M
 Heap Initial Capacity: 54M
 Heap Max Capacity: 862M
 Pre-touch: Disabled
 Parallel Workers: 4
 Concurrent Workers: 1
 Concurrent Refinement Workers: 4
 Periodic GC: Disabled

Heap:
 garbage-first heap   total 118784K, used 48827K [0x00000000ca200000, 0x0000000100000000)
  region size 1024K, 15 young (15360K), 4 survivors (4096K)
 Metaspace       used 16763K, committed 17088K, reserved 1114112K
  class space    used 1901K, committed 2048K, reserved 1048576K

Heap Regions: E=young(eden), S=young(survivor), O=old, HS=humongous(starts), HC=humongous(continues), CS=collection set, F=free, OA=open archive, CA=closed archive, TAMS=top-at-mark-start (previous, next)
|   0|0x00000000ca200000, 0x00000000ca300000, 0x00000000ca300000|100%|HS|  |TAMS 0x00000000ca200000, 0x00000000ca200000| Complete 
|   1|0x00000000ca300000, 0x00000000ca400000, 0x00000000ca400000|100%|HS|  |TAMS 0x00000000ca300000, 0x00000000ca300000| Complete 
|   2|0x00000000ca400000, 0x00000000ca500000, 0x00000000ca500000|100%|HC|  |TAMS 0x00000000ca400000, 0x00000000ca400000| Complete 
|   3|0x00000000ca500000, 0x00000000ca600000, 0x00000000ca600000|100%| O|  |TAMS 0x00000000ca500000, 0x00000000ca500000| Untracked 
|   4|0x00000000ca600000, 0x00000000ca700000, 0x00000000ca700000|100%| O|  |TAMS 0x00000000ca600000, 0x00000000ca600000| Untracked 
|   5|0x00000000ca700000, 0x00000000ca800000, 0x00000000ca800000|100%| O|  |TAMS 0x00000000ca700000, 0x00000000ca700000| Untracked 
|   6|0x00000000ca800000, 0x00000000ca900000, 0x00000000ca900000|100%|HS|  |TAMS 0x00000000ca800000, 0x00000000ca800000| Complete 
|   7|0x00000000ca900000, 0x00000000caa00000, 0x00000000caa00000|100%|HC|  |TAMS 0x00000000ca900000, 0x00000000ca900000| Complete 
|   8|0x00000000caa00000, 0x00000000cab00000, 0x00000000cab00000|100%| O|  |TAMS 0x00000000caa00000, 0x00000000caa00000| Untracked 
|   9|0x00000000cab00000, 0x00000000cac00000, 0x00000000cac00000|100%| O|  |TAMS 0x00000000cab00000, 0x00000000cab00000| Untracked 
|  10|0x00000000cac00000, 0x00000000cad00000, 0x00000000cad00000|100%| O|  |TAMS 0x00000000cac00000, 0x00000000cac00000| Untracked 
|  11|0x00000000cad00000, 0x00000000cae00000, 0x00000000cae00000|100%| O|  |TAMS 0x00000000cad00000, 0x00000000cad00000| Untracked 
|  12|0x00000000cae00000, 0x00000000caf00000, 0x00000000caf00000|100%| O|  |TAMS 0x00000000cae00000, 0x00000000cae00000| Untracked 
|  13|0x00000000caf00000, 0x00000000cb000000, 0x00000000cb000000|100%|HS|  |TAMS 0x00000000caf00000, 0x00000000caf00000| Complete 
|  14|0x00000000cb000000, 0x00000000cb100000, 0x00000000cb100000|100%|HC|  |TAMS 0x00000000cb000000, 0x00000000cb000000| Complete 
|  15|0x00000000cb100000, 0x00000000cb200000, 0x00000000cb200000|100%| O|  |TAMS 0x00000000cb100000, 0x00000000cb100000| Untracked 
|  16|0x00000000cb200000, 0x00000000cb300000, 0x00000000cb300000|100%| O|  |TAMS 0x00000000cb200000, 0x00000000cb200000| Untracked 
|  17|0x00000000cb300000, 0x00000000cb400000, 0x00000000cb400000|100%| O|  |TAMS 0x00000000cb300000, 0x00000000cb300000| Untracked 
|  18|0x00000000cb400000, 0x00000000cb500000, 0x00000000cb500000|100%| O|  |TAMS 0x00000000cb400000, 0x00000000cb400000| Untracked 
|  19|0x00000000cb500000, 0x00000000cb600000, 0x00000000cb600000|100%| O|  |TAMS 0x00000000cb500000, 0x00000000cb500000| Untracked 
|  20|0x00000000cb600000, 0x00000000cb700000, 0x00000000cb700000|100%| O|  |TAMS 0x00000000cb600000, 0x00000000cb600000| Untracked 
|  21|0x00000000cb700000, 0x00000000cb800000, 0x00000000cb800000|100%| O|  |TAMS 0x00000000cb700000, 0x00000000cb700000| Untracked 
|  22|0x00000000cb800000, 0x00000000cb900000, 0x00000000cb900000|100%| O|  |TAMS 0x00000000cb800000, 0x00000000cb800000| Untracked 
|  23|0x00000000cb900000, 0x00000000cba00000, 0x00000000cba00000|100%|HS|  |TAMS 0x00000000cb900000, 0x00000000cb900000| Complete 
|  24|0x00000000cba00000, 0x00000000cbb00000, 0x00000000cbb00000|100%|HC|  |TAMS 0x00000000cba00000, 0x00000000cba00000| Complete 
|  25|0x00000000cbb00000, 0x00000000cbc00000, 0x00000000cbc00000|100%| O|  |TAMS 0x00000000cbb00000, 0x00000000cbb00000| Untracked 
|  26|0x00000000cbc00000, 0x00000000cbd00000, 0x00000000cbd00000|100%| O|  |TAMS 0x00000000cbc00000, 0x00000000cbc00000| Untracked 
|  27|0x00000000cbd00000, 0x00000000cbe00000, 0x00000000cbe00000|100%| O|  |TAMS 0x00000000cbd00000, 0x00000000cbd00000| Untracked 
|  28|0x00000000cbe00000, 0x00000000cbf00000, 0x00000000cbf00000|100%| O|  |TAMS 0x00000000cbe00000, 0x00000000cbe00000| Untracked 
|  29|0x00000000cbf00000, 0x00000000cc000000, 0x00000000cc000000|100%| O|  |TAMS 0x00000000cbf00000, 0x00000000cbf00000| Untracked 
|  30|0x00000000cc000000, 0x00000000cc100000, 0x00000000cc100000|100%| O|  |TAMS 0x00000000cc000000, 0x00000000cc000000| Untracked 
|  31|0x00000000cc100000, 0x00000000cc200000, 0x00000000cc200000|100%| O|  |TAMS 0x00000000cc100000, 0x00000000cc100000| Untracked 
|  32|0x00000000cc200000, 0x00000000cc300000, 0x00000000cc300000|100%| O|  |TAMS 0x00000000cc200000, 0x00000000cc200000| Untracked 
|  33|0x00000000cc300000, 0x00000000cc3c3600, 0x00000000cc400000| 76%| O|  |TAMS 0x00000000cc300000, 0x00000000cc300000| Untracked 
|  34|0x00000000cc400000, 0x00000000cc400000, 0x00000000cc500000|  0%| F|  |TAMS 0x00000000cc400000, 0x00000000cc400000| Untracked 
|  35|0x00000000cc500000, 0x00000000cc500000, 0x00000000cc600000|  0%| F|  |TAMS 0x00000000cc500000, 0x00000000cc500000| Untracked 
|  36|0x00000000cc600000, 0x00000000cc600000, 0x00000000cc700000|  0%| F|  |TAMS 0x00000000cc600000, 0x00000000cc600000| Untracked 
|  37|0x00000000cc700000, 0x00000000cc700000, 0x00000000cc800000|  0%| F|  |TAMS 0x00000000cc700000, 0x00000000cc700000| Untracked 
|  38|0x00000000cc800000, 0x00000000cc800000, 0x00000000cc900000|  0%| F|  |TAMS 0x00000000cc800000, 0x00000000cc800000| Untracked 
|  39|0x00000000cc900000, 0x00000000cc900000, 0x00000000cca00000|  0%| F|  |TAMS 0x00000000cc900000, 0x00000000cc900000| Untracked 
|  40|0x00000000cca00000, 0x00000000cca00000, 0x00000000ccb00000|  0%| F|  |TAMS 0x00000000cca00000, 0x00000000cca00000| Untracked 
|  41|0x00000000ccb00000, 0x00000000ccb00000, 0x00000000ccc00000|  0%| F|  |TAMS 0x00000000ccb00000, 0x00000000ccb00000| Untracked 
|  42|0x00000000ccc00000, 0x00000000ccc00000, 0x00000000ccd00000|  0%| F|  |TAMS 0x00000000ccc00000, 0x00000000ccc00000| Untracked 
|  43|0x00000000ccd00000, 0x00000000ccd00000, 0x00000000cce00000|  0%| F|  |TAMS 0x00000000ccd00000, 0x00000000ccd00000| Untracked 
|  44|0x00000000cce00000, 0x00000000cce00000, 0x00000000ccf00000|  0%| F|  |TAMS 0x00000000cce00000, 0x00000000cce00000| Untracked 
|  45|0x00000000ccf00000, 0x00000000ccf00000, 0x00000000cd000000|  0%| F|  |TAMS 0x00000000ccf00000, 0x00000000ccf00000| Untracked 
|  46|0x00000000cd000000, 0x00000000cd000000, 0x00000000cd100000|  0%| F|  |TAMS 0x00000000cd000000, 0x00000000cd000000| Untracked 
|  47|0x00000000cd100000, 0x00000000cd1eb7c0, 0x00000000cd200000| 91%| S|CS|TAMS 0x00000000cd100000, 0x00000000cd100000| Complete 
|  48|0x00000000cd200000, 0x00000000cd300000, 0x00000000cd300000|100%| S|CS|TAMS 0x00000000cd200000, 0x00000000cd200000| Complete 
|  49|0x00000000cd300000, 0x00000000cd400000, 0x00000000cd400000|100%| S|CS|TAMS 0x00000000cd300000, 0x00000000cd300000| Complete 
|  50|0x00000000cd400000, 0x00000000cd500000, 0x00000000cd500000|100%| S|CS|TAMS 0x00000000cd400000, 0x00000000cd400000| Complete 
|  51|0x00000000cd500000, 0x00000000cd500000, 0x00000000cd600000|  0%| F|  |TAMS 0x00000000cd500000, 0x00000000cd500000| Untracked 
|  52|0x00000000cd600000, 0x00000000cd600000, 0x00000000cd700000|  0%| F|  |TAMS 0x00000000cd600000, 0x00000000cd600000| Untracked 
|  53|0x00000000cd700000, 0x00000000cd700000, 0x00000000cd800000|  0%| F|  |TAMS 0x00000000cd700000, 0x00000000cd700000| Untracked 
|  54|0x00000000cd800000, 0x00000000cd800000, 0x00000000cd900000|  0%| F|  |TAMS 0x00000000cd800000, 0x00000000cd800000| Untracked 
|  55|0x00000000cd900000, 0x00000000cd900000, 0x00000000cda00000|  0%| F|  |TAMS 0x00000000cd900000, 0x00000000cd900000| Untracked 
|  56|0x00000000cda00000, 0x00000000cda00000, 0x00000000cdb00000|  0%| F|  |TAMS 0x00000000cda00000, 0x00000000cda00000| Untracked 
|  57|0x00000000cdb00000, 0x00000000cdb00000, 0x00000000cdc00000|  0%| F|  |TAMS 0x00000000cdb00000, 0x00000000cdb00000| Untracked 
|  58|0x00000000cdc00000, 0x00000000cdc00000, 0x00000000cdd00000|  0%| F|  |TAMS 0x00000000cdc00000, 0x00000000cdc00000| Untracked 
|  59|0x00000000cdd00000, 0x00000000cdd00000, 0x00000000cde00000|  0%| F|  |TAMS 0x00000000cdd00000, 0x00000000cdd00000| Untracked 
|  60|0x00000000cde00000, 0x00000000cde00000, 0x00000000cdf00000|  0%| F|  |TAMS 0x00000000cde00000, 0x00000000cde00000| Untracked 
|  61|0x00000000cdf00000, 0x00000000cdf00000, 0x00000000ce000000|  0%| F|  |TAMS 0x00000000cdf00000, 0x00000000cdf00000| Untracked 
|  62|0x00000000ce000000, 0x00000000ce000000, 0x00000000ce100000|  0%| F|  |TAMS 0x00000000ce000000, 0x00000000ce000000| Untracked 
|  63|0x00000000ce100000, 0x00000000ce100000, 0x00000000ce200000|  0%| F|  |TAMS 0x00000000ce100000, 0x00000000ce100000| Untracked 
|  64|0x00000000ce200000, 0x00000000ce200000, 0x00000000ce300000|  0%| F|  |TAMS 0x00000000ce200000, 0x00000000ce200000| Untracked 
|  65|0x00000000ce300000, 0x00000000ce300000, 0x00000000ce400000|  0%| F|  |TAMS 0x00000000ce300000, 0x00000000ce300000| Untracked 
|  66|0x00000000ce400000, 0x00000000ce400000, 0x00000000ce500000|  0%| F|  |TAMS 0x00000000ce400000, 0x00000000ce400000| Untracked 
|  67|0x00000000ce500000, 0x00000000ce500000, 0x00000000ce600000|  0%| F|  |TAMS 0x00000000ce500000, 0x00000000ce500000| Untracked 
|  68|0x00000000ce600000, 0x00000000ce600000, 0x00000000ce700000|  0%| F|  |TAMS 0x00000000ce600000, 0x00000000ce600000| Untracked 
|  69|0x00000000ce700000, 0x00000000ce700000, 0x00000000ce800000|  0%| F|  |TAMS 0x00000000ce700000, 0x00000000ce700000| Untracked 
|  70|0x00000000ce800000, 0x00000000ce800000, 0x00000000ce900000|  0%| F|  |TAMS 0x00000000ce800000, 0x00000000ce800000| Untracked 
|  71|0x00000000ce900000, 0x00000000ce900000, 0x00000000cea00000|  0%| F|  |TAMS 0x00000000ce900000, 0x00000000ce900000| Untracked 
|  72|0x00000000cea00000, 0x00000000cea00000, 0x00000000ceb00000|  0%| F|  |TAMS 0x00000000cea00000, 0x00000000cea00000| Untracked 
|  73|0x00000000ceb00000, 0x00000000ceb00000, 0x00000000cec00000|  0%| F|  |TAMS 0x00000000ceb00000, 0x00000000ceb00000| Untracked 
|  74|0x00000000cec00000, 0x00000000cec00000, 0x00000000ced00000|  0%| F|  |TAMS 0x00000000cec00000, 0x00000000cec00000| Untracked 
|  75|0x00000000ced00000, 0x00000000ced00000, 0x00000000cee00000|  0%| F|  |TAMS 0x00000000ced00000, 0x00000000ced00000| Untracked 
|  76|0x00000000cee00000, 0x00000000cee00000, 0x00000000cef00000|  0%| F|  |TAMS 0x00000000cee00000, 0x00000000cee00000| Untracked 
|  77|0x00000000cef00000, 0x00000000cef00000, 0x00000000cf000000|  0%| F|  |TAMS 0x00000000cef00000, 0x00000000cef00000| Untracked 
|  78|0x00000000cf000000, 0x00000000cf000000, 0x00000000cf100000|  0%| F|  |TAMS 0x00000000cf000000, 0x00000000cf000000| Untracked 
|  79|0x00000000cf100000, 0x00000000cf100000, 0x00000000cf200000|  0%| F|  |TAMS 0x00000000cf100000, 0x00000000cf100000| Untracked 
|  80|0x00000000cf200000, 0x00000000cf200000, 0x00000000cf300000|  0%| F|  |TAMS 0x00000000cf200000, 0x00000000cf200000| Untracked 
|  81|0x00000000cf300000, 0x00000000cf300000, 0x00000000cf400000|  0%| F|  |TAMS 0x00000000cf300000, 0x00000000cf300000| Untracked 
|  82|0x00000000cf400000, 0x00000000cf400000, 0x00000000cf500000|  0%| F|  |TAMS 0x00000000cf400000, 0x00000000cf400000| Untracked 
|  83|0x00000000cf500000, 0x00000000cf500000, 0x00000000cf600000|  0%| F|  |TAMS 0x00000000cf500000, 0x00000000cf500000| Untracked 
|  84|0x00000000cf600000, 0x00000000cf600000, 0x00000000cf700000|  0%| F|  |TAMS 0x00000000cf600000, 0x00000000cf600000| Untracked 
|  85|0x00000000cf700000, 0x00000000cf700000, 0x00000000cf800000|  0%| F|  |TAMS 0x00000000cf700000, 0x00000000cf700000| Untracked 
|  86|0x00000000cf800000, 0x00000000cf800000, 0x00000000cf900000|  0%| F|  |TAMS 0x00000000cf800000, 0x00000000cf800000| Untracked 
|  87|0x00000000cf900000, 0x00000000cf900000, 0x00000000cfa00000|  0%| F|  |TAMS 0x00000000cf900000, 0x00000000cf900000| Untracked 
|  88|0x00000000cfa00000, 0x00000000cfa00000, 0x00000000cfb00000|  0%| F|  |TAMS 0x00000000cfa00000, 0x00000000cfa00000| Untracked 
|  89|0x00000000cfb00000, 0x00000000cfb00000, 0x00000000cfc00000|  0%| F|  |TAMS 0x00000000cfb00000, 0x00000000cfb00000| Untracked 
|  90|0x00000000cfc00000, 0x00000000cfc00000, 0x00000000cfd00000|  0%| F|  |TAMS 0x00000000cfc00000, 0x00000000cfc00000| Untracked 
|  91|0x00000000cfd00000, 0x00000000cfd00000, 0x00000000cfe00000|  0%| F|  |TAMS 0x00000000cfd00000, 0x00000000cfd00000| Untracked 
|  92|0x00000000cfe00000, 0x00000000cfe00000, 0x00000000cff00000|  0%| F|  |TAMS 0x00000000cfe00000, 0x00000000cfe00000| Untracked 
|  93|0x00000000cff00000, 0x00000000cff00000, 0x00000000d0000000|  0%| F|  |TAMS 0x00000000cff00000, 0x00000000cff00000| Untracked 
|  94|0x00000000d0000000, 0x00000000d0000000, 0x00000000d0100000|  0%| F|  |TAMS 0x00000000d0000000, 0x00000000d0000000| Untracked 
|  95|0x00000000d0100000, 0x00000000d0100000, 0x00000000d0200000|  0%| F|  |TAMS 0x00000000d0100000, 0x00000000d0100000| Untracked 
|  96|0x00000000d0200000, 0x00000000d0200000, 0x00000000d0300000|  0%| F|  |TAMS 0x00000000d0200000, 0x00000000d0200000| Untracked 
|  97|0x00000000d0300000, 0x00000000d0300000, 0x00000000d0400000|  0%| F|  |TAMS 0x00000000d0300000, 0x00000000d0300000| Untracked 
|  98|0x00000000d0400000, 0x00000000d0400000, 0x00000000d0500000|  0%| F|  |TAMS 0x00000000d0400000, 0x00000000d0400000| Untracked 
|  99|0x00000000d0500000, 0x00000000d0500000, 0x00000000d0600000|  0%| F|  |TAMS 0x00000000d0500000, 0x00000000d0500000| Untracked 
| 100|0x00000000d0600000, 0x00000000d0600000, 0x00000000d0700000|  0%| F|  |TAMS 0x00000000d0600000, 0x00000000d0600000| Untracked 
| 101|0x00000000d0700000, 0x00000000d0700000, 0x00000000d0800000|  0%| F|  |TAMS 0x00000000d0700000, 0x00000000d0700000| Untracked 
| 102|0x00000000d0800000, 0x00000000d0800000, 0x00000000d0900000|  0%| F|  |TAMS 0x00000000d0800000, 0x00000000d0800000| Untracked 
| 103|0x00000000d0900000, 0x00000000d0900000, 0x00000000d0a00000|  0%| F|  |TAMS 0x00000000d0900000, 0x00000000d0900000| Untracked 
| 104|0x00000000d0a00000, 0x00000000d0a00000, 0x00000000d0b00000|  0%| F|  |TAMS 0x00000000d0a00000, 0x00000000d0a00000| Untracked 
| 105|0x00000000d0b00000, 0x00000000d0c00000, 0x00000000d0c00000|100%| E|  |TAMS 0x00000000d0b00000, 0x00000000d0b00000| Complete 
| 106|0x00000000d0c00000, 0x00000000d0d00000, 0x00000000d0d00000|100%| E|CS|TAMS 0x00000000d0c00000, 0x00000000d0c00000| Complete 
| 107|0x00000000d0d00000, 0x00000000d0e00000, 0x00000000d0e00000|100%| E|CS|TAMS 0x00000000d0d00000, 0x00000000d0d00000| Complete 
| 108|0x00000000d0e00000, 0x00000000d0f00000, 0x00000000d0f00000|100%| E|CS|TAMS 0x00000000d0e00000, 0x00000000d0e00000| Complete 
| 109|0x00000000d0f00000, 0x00000000d1000000, 0x00000000d1000000|100%| E|CS|TAMS 0x00000000d0f00000, 0x00000000d0f00000| Complete 
| 110|0x00000000d1000000, 0x00000000d1100000, 0x00000000d1100000|100%| E|CS|TAMS 0x00000000d1000000, 0x00000000d1000000| Complete 
| 111|0x00000000d1100000, 0x00000000d1200000, 0x00000000d1200000|100%| E|CS|TAMS 0x00000000d1100000, 0x00000000d1100000| Complete 
| 112|0x00000000d1200000, 0x00000000d1300000, 0x00000000d1300000|100%| E|CS|TAMS 0x00000000d1200000, 0x00000000d1200000| Complete 
| 113|0x00000000d1300000, 0x00000000d1400000, 0x00000000d1400000|100%| E|CS|TAMS 0x00000000d1300000, 0x00000000d1300000| Complete 
| 114|0x00000000d1400000, 0x00000000d1500000, 0x00000000d1500000|100%| E|CS|TAMS 0x00000000d1400000, 0x00000000d1400000| Complete 
| 115|0x00000000d1500000, 0x00000000d1600000, 0x00000000d1600000|100%| E|CS|TAMS 0x00000000d1500000, 0x00000000d1500000| Complete 

Card table byte_map: [0x000001f86ccf0000,0x000001f86cea0000] _byte_map_base: 0x000001f86c69f000

Marking Bits (Prev, Next): (CMBitMap*) 0x000001f85426a310, (CMBitMap*) 0x000001f85426a350
 Prev Bits: [0x000001f86d050000, 0x000001f86ddc8000)
 Next Bits: [0x000001f86ddd0000, 0x000001f86eb48000)

Polling page: 0x000001f8542d0000

Metaspace:

Usage:
  Non-class:     14.51 MB used.
      Class:      1.86 MB used.
       Both:     16.37 MB used.

Virtual space:
  Non-class space:       64.00 MB reserved,      14.69 MB ( 23%) committed,  1 nodes.
      Class space:        1.00 GB reserved,       2.00 MB ( <1%) committed,  1 nodes.
             Both:        1.06 GB reserved,      16.69 MB (  2%) committed. 

Chunk freelists:
   Non-Class:  804.00 KB
       Class:  13.84 MB
        Both:  14.62 MB

MaxMetaspaceSize: unlimited
CompressedClassSpaceSize: 1.00 GB
Initial GC threshold: 21.00 MB
Current GC threshold: 21.00 MB
CDS: on
MetaspaceReclaimPolicy: balanced
 - commit_granule_bytes: 65536.
 - commit_granule_words: 8192.
 - virtual_space_node_default_size: 8388608.
 - enlarge_chunks_in_place: 1.
 - new_chunks_are_fully_committed: 0.
 - uncommit_free_chunks: 1.
 - use_allocation_guard: 0.
 - handle_deallocations: 1.


Internal statistics:

num_allocs_failed_limit: 0.
num_arena_births: 298.
num_arena_deaths: 0.
num_vsnodes_births: 2.
num_vsnodes_deaths: 0.
num_space_committed: 267.
num_space_uncommitted: 0.
num_chunks_returned_to_freelist: 0.
num_chunks_taken_from_freelist: 716.
num_chunk_merges: 0.
num_chunk_splits: 447.
num_chunks_enlarged: 291.
num_inconsistent_stats: 0.

CodeHeap 'non-profiled nmethods': size=120000Kb used=1611Kb max_used=1611Kb free=118388Kb
 bounds [0x000001f864ff0000, 0x000001f865260000, 0x000001f86c520000]
CodeHeap 'profiled nmethods': size=120000Kb used=6013Kb max_used=6013Kb free=113986Kb
 bounds [0x000001f85d520000, 0x000001f85db00000, 0x000001f864a50000]
CodeHeap 'non-nmethods': size=5760Kb used=1621Kb max_used=1681Kb free=4138Kb
 bounds [0x000001f864a50000, 0x000001f864cc0000, 0x000001f864ff0000]
 total_blobs=4619 nmethods=3569 adapters=962
 compilation: enabled
              stopped_count=0, restarted_count=0
 full_count=0

Compilation events (20 events):
Event: 10.220 Thread 0x000001f871121e70 3641       2       java.lang.invoke.InvokerBytecodeGenerator::isStaticallyInvocable (165 bytes)
Event: 10.222 Thread 0x000001f871121e70 nmethod 3641 0x000001f85dafba90 code [0x000001f85dafbd60, 0x000001f85dafc608]
Event: 10.222 Thread 0x000001f871121e70 3645       2       java.lang.invoke.MethodHandles$Lookup$ClassOption::optionsToFlag (40 bytes)
Event: 10.223 Thread 0x000001f871121e70 nmethod 3645 0x000001f85dafc990 code [0x000001f85dafcb60, 0x000001f85dafcd88]
Event: 10.223 Thread 0x000001f871121e70 3642       2       java.lang.invoke.MemberName::isPrivate (8 bytes)
Event: 10.223 Thread 0x000001f871121e70 nmethod 3642 0x000001f85dafcf10 code [0x000001f85dafd0a0, 0x000001f85dafd1b8]
Event: 10.223 Thread 0x000001f871121e70 3643       2       java.lang.invoke.InvokerBytecodeGenerator::emitStaticInvoke (258 bytes)
Event: 10.225 Thread 0x000001f871121e70 nmethod 3643 0x000001f85dafd290 code [0x000001f85dafd500, 0x000001f85dafdae8]
Event: 10.225 Thread 0x000001f871121e70 3644       2       java.lang.invoke.InvokerBytecodeGenerator::refKindOpcode (112 bytes)
Event: 10.226 Thread 0x000001f871121e70 nmethod 3644 0x000001f85dafdf10 code [0x000001f85dafe120, 0x000001f85dafe5f8]
Event: 10.226 Thread 0x000001f871121e70 3638       2       java.lang.System$2::defineClass (21 bytes)
Event: 10.226 Thread 0x000001f871121e70 nmethod 3638 0x000001f85dafe810 code [0x000001f85dafe9a0, 0x000001f85dafeb08]
Event: 10.226 Thread 0x000001f871121e70 3646       2       java.lang.invoke.MethodHandles$Lookup$ClassDefiner::<init> (58 bytes)
Event: 10.227 Thread 0x000001f871121e70 nmethod 3646 0x000001f85dafec10 code [0x000001f85dafeda0, 0x000001f85dafefd8]
Event: 10.227 Thread 0x000001f871121e70 3636       2       java.lang.invoke.MethodHandles$Lookup::makeHiddenClassDefiner (22 bytes)
Event: 10.227 Thread 0x000001f871121e70 nmethod 3636 0x000001f85daff090 code [0x000001f85daff240, 0x000001f85daff3c8]
Event: 10.227 Thread 0x000001f871121e70 3647       1       java.lang.invoke.InvokerBytecodeGenerator::setClassWriter (6 bytes)
Event: 10.227 Thread 0x000001f871121e70 nmethod 3647 0x000001f86516a690 code [0x000001f86516a820, 0x000001f86516a938]
Event: 10.227 Thread 0x000001f871121e70 3648       1       java.lang.Class::getClassData (5 bytes)
Event: 10.227 Thread 0x000001f871121e70 nmethod 3648 0x000001f86516a990 code [0x000001f86516ab20, 0x000001f86516abf8]

GC Heap History (20 events):
Event: 4.918 GC heap before
{Heap before GC invocations=7 (full 0):
 garbage-first heap   total 66560K, used 49875K [0x00000000ca200000, 0x0000000100000000)
  region size 1024K, 29 young (29696K), 1 survivors (1024K)
 Metaspace       used 4948K, committed 5184K, reserved 1114112K
  class space    used 475K, committed 576K, reserved 1048576K
}
Event: 4.921 GC heap after
{Heap after GC invocations=8 (full 0):
 garbage-first heap   total 66560K, used 21525K [0x00000000ca200000, 0x0000000100000000)
  region size 1024K, 2 young (2048K), 2 survivors (2048K)
 Metaspace       used 4948K, committed 5184K, reserved 1114112K
  class space    used 475K, committed 576K, reserved 1048576K
}
Event: 5.488 GC heap before
{Heap before GC invocations=8 (full 0):
 garbage-first heap   total 66560K, used 50197K [0x00000000ca200000, 0x0000000100000000)
  region size 1024K, 30 young (30720K), 2 survivors (2048K)
 Metaspace       used 5077K, committed 5312K, reserved 1114112K
  class space    used 483K, committed 640K, reserved 1048576K
}
Event: 5.492 GC heap after
{Heap after GC invocations=9 (full 0):
 garbage-first heap   total 66560K, used 23139K [0x00000000ca200000, 0x0000000100000000)
  region size 1024K, 3 young (3072K), 3 survivors (3072K)
 Metaspace       used 5077K, committed 5312K, reserved 1114112K
  class space    used 483K, committed 640K, reserved 1048576K
}
Event: 5.816 GC heap before
{Heap before GC invocations=9 (full 0):
 garbage-first heap   total 66560K, used 50787K [0x00000000ca200000, 0x0000000100000000)
  region size 1024K, 30 young (30720K), 3 survivors (3072K)
 Metaspace       used 5099K, committed 5312K, reserved 1114112K
  class space    used 484K, committed 640K, reserved 1048576K
}
Event: 5.823 GC heap after
{Heap after GC invocations=10 (full 0):
 garbage-first heap   total 66560K, used 24449K [0x00000000ca200000, 0x0000000100000000)
  region size 1024K, 3 young (3072K), 3 survivors (3072K)
 Metaspace       used 5099K, committed 5312K, reserved 1114112K
  class space    used 484K, committed 640K, reserved 1048576K
}
Event: 6.014 GC heap before
{Heap before GC invocations=10 (full 0):
 garbage-first heap   total 66560K, used 52097K [0x00000000ca200000, 0x0000000100000000)
  region size 1024K, 30 young (30720K), 3 survivors (3072K)
 Metaspace       used 5112K, committed 5376K, reserved 1114112K
  class space    used 484K, committed 640K, reserved 1048576K
}
Event: 6.024 GC heap after
{Heap after GC invocations=11 (full 0):
 garbage-first heap   total 66560K, used 26666K [0x00000000ca200000, 0x0000000100000000)
  region size 1024K, 4 young (4096K), 4 survivors (4096K)
 Metaspace       used 5112K, committed 5376K, reserved 1114112K
  class space    used 484K, committed 640K, reserved 1048576K
}
Event: 6.305 GC heap before
{Heap before GC invocations=11 (full 0):
 garbage-first heap   total 66560K, used 52266K [0x00000000ca200000, 0x0000000100000000)
  region size 1024K, 27 young (27648K), 4 survivors (4096K)
 Metaspace       used 5121K, committed 5376K, reserved 1114112K
  class space    used 484K, committed 640K, reserved 1048576K
}
Event: 6.315 GC heap after
{Heap after GC invocations=12 (full 0):
 garbage-first heap   total 98304K, used 30283K [0x00000000ca200000, 0x0000000100000000)
  region size 1024K, 3 young (3072K), 3 survivors (3072K)
 Metaspace       used 5121K, committed 5376K, reserved 1114112K
  class space    used 484K, committed 640K, reserved 1048576K
}
Event: 6.501 GC heap before
{Heap before GC invocations=12 (full 0):
 garbage-first heap   total 98304K, used 76363K [0x00000000ca200000, 0x0000000100000000)
  region size 1024K, 48 young (49152K), 3 survivors (3072K)
 Metaspace       used 5121K, committed 5376K, reserved 1114112K
  class space    used 484K, committed 640K, reserved 1048576K
}
Event: 6.509 GC heap after
{Heap after GC invocations=13 (full 0):
 garbage-first heap   total 98304K, used 32470K [0x00000000ca200000, 0x0000000100000000)
  region size 1024K, 5 young (5120K), 5 survivors (5120K)
 Metaspace       used 5121K, committed 5376K, reserved 1114112K
  class space    used 484K, committed 640K, reserved 1048576K
}
Event: 6.684 GC heap before
{Heap before GC invocations=13 (full 0):
 garbage-first heap   total 98304K, used 76502K [0x00000000ca200000, 0x0000000100000000)
  region size 1024K, 48 young (49152K), 5 survivors (5120K)
 Metaspace       used 5121K, committed 5376K, reserved 1114112K
  class space    used 484K, committed 640K, reserved 1048576K
}
Event: 6.691 GC heap after
{Heap after GC invocations=14 (full 0):
 garbage-first heap   total 98304K, used 32210K [0x00000000ca200000, 0x0000000100000000)
  region size 1024K, 3 young (3072K), 3 survivors (3072K)
 Metaspace       used 5121K, committed 5376K, reserved 1114112K
  class space    used 484K, committed 640K, reserved 1048576K
}
Event: 7.390 GC heap before
{Heap before GC invocations=14 (full 0):
 garbage-first heap   total 98304K, used 76242K [0x00000000ca200000, 0x0000000100000000)
  region size 1024K, 46 young (47104K), 3 survivors (3072K)
 Metaspace       used 5403K, committed 5632K, reserved 1114112K
  class space    used 518K, committed 640K, reserved 1048576K
}
Event: 7.399 GC heap after
{Heap after GC invocations=15 (full 0):
 garbage-first heap   total 98304K, used 34519K [0x00000000ca200000, 0x0000000100000000)
  region size 1024K, 5 young (5120K), 5 survivors (5120K)
 Metaspace       used 5403K, committed 5632K, reserved 1114112K
  class space    used 518K, committed 640K, reserved 1048576K
}
Event: 8.400 GC heap before
{Heap before GC invocations=15 (full 0):
 garbage-first heap   total 98304K, used 78551K [0x00000000ca200000, 0x0000000100000000)
  region size 1024K, 48 young (49152K), 5 survivors (5120K)
 Metaspace       used 9477K, committed 9792K, reserved 1114112K
  class space    used 1059K, committed 1216K, reserved 1048576K
}
Event: 8.418 GC heap after
{Heap after GC invocations=16 (full 0):
 garbage-first heap   total 98304K, used 36200K [0x00000000ca200000, 0x0000000100000000)
  region size 1024K, 5 young (5120K), 5 survivors (5120K)
 Metaspace       used 9477K, committed 9792K, reserved 1114112K
  class space    used 1059K, committed 1216K, reserved 1048576K
}
Event: 9.773 GC heap before
{Heap before GC invocations=16 (full 0):
 garbage-first heap   total 98304K, used 80232K [0x00000000ca200000, 0x0000000100000000)
  region size 1024K, 48 young (49152K), 5 survivors (5120K)
 Metaspace       used 15243K, committed 15552K, reserved 1114112K
  class space    used 1752K, committed 1920K, reserved 1048576K
}
Event: 9.793 GC heap after
{Heap after GC invocations=17 (full 0):
 garbage-first heap   total 118784K, used 38587K [0x00000000ca200000, 0x0000000100000000)
  region size 1024K, 4 young (4096K), 4 survivors (4096K)
 Metaspace       used 15243K, committed 15552K, reserved 1114112K
  class space    used 1752K, committed 1920K, reserved 1048576K
}

Dll operation events (10 events):
Event: 0.076 Loaded shared library C:\Users\IvnoGood\.mcreator\gradle\jdks\eclipse_adoptium-17-amd64-windows\jdk-17.0.11+9\bin\java.dll
Event: 0.250 Loaded shared library C:\Users\IvnoGood\.mcreator\gradle\jdks\eclipse_adoptium-17-amd64-windows\jdk-17.0.11+9\bin\jsvml.dll
Event: 1.003 Loaded shared library C:\Users\IvnoGood\.mcreator\gradle\jdks\eclipse_adoptium-17-amd64-windows\jdk-17.0.11+9\bin\net.dll
Event: 1.011 Loaded shared library C:\Users\IvnoGood\.mcreator\gradle\jdks\eclipse_adoptium-17-amd64-windows\jdk-17.0.11+9\bin\nio.dll
Event: 1.023 Loaded shared library C:\Users\IvnoGood\.mcreator\gradle\jdks\eclipse_adoptium-17-amd64-windows\jdk-17.0.11+9\bin\zip.dll
Event: 1.506 Loaded shared library C:\Users\IvnoGood\.mcreator\gradle\jdks\eclipse_adoptium-17-amd64-windows\jdk-17.0.11+9\bin\jimage.dll
Event: 3.103 Loaded shared library C:\Users\IvnoGood\.mcreator\gradle\jdks\eclipse_adoptium-17-amd64-windows\jdk-17.0.11+9\bin\verify.dll
Event: 8.084 Loaded shared library C:\Users\IvnoGood\.mcreator\gradle\jdks\eclipse_adoptium-17-amd64-windows\jdk-17.0.11+9\bin\management.dll
Event: 8.093 Loaded shared library C:\Users\IvnoGood\.mcreator\gradle\jdks\eclipse_adoptium-17-amd64-windows\jdk-17.0.11+9\bin\management_ext.dll
Event: 10.074 Loaded shared library C:\Users\IvnoGood\AppData\Local\Temp\lwjglIvnoGood\3.3.1-build-7\lwjgl.dll

Deoptimization events (20 events):
Event: 9.630 Thread 0x000001f854232f20 Uncommon trap: trap_request=0xffffffde fr.pc=0x000001f865118b88 relative=0x00000000000013a8
Event: 9.630 Thread 0x000001f854232f20 Uncommon trap: reason=class_check action=maybe_recompile pc=0x000001f865118b88 method=java.util.stream.AbstractPipeline.exactOutputSizeIfKnown(Ljava/util/Spliterator;)J @ 16 c2
Event: 9.630 Thread 0x000001f854232f20 DEOPT PACKING pc=0x000001f865118b88 sp=0x0000009ef48ff170
Event: 9.630 Thread 0x000001f854232f20 DEOPT UNPACKING pc=0x000001f864aa69a3 sp=0x0000009ef48ff0f8 mode 2
Event: 9.679 Thread 0x000001f854232f20 Uncommon trap: trap_request=0xffffffc6 fr.pc=0x000001f865118ca0 relative=0x00000000000014c0
Event: 9.679 Thread 0x000001f854232f20 Uncommon trap: reason=bimorphic_or_optimized_type_check action=maybe_recompile pc=0x000001f865118ca0 method=java.util.stream.AbstractPipeline.evaluate(Ljava/util/Spliterator;ZLjava/util/function/IntFunction;)Ljava/util/stream/Node; @ 23 c2
Event: 9.679 Thread 0x000001f854232f20 DEOPT PACKING pc=0x000001f865118ca0 sp=0x0000009ef48ff140
Event: 9.679 Thread 0x000001f854232f20 DEOPT UNPACKING pc=0x000001f864aa69a3 sp=0x0000009ef48ff140 mode 2
Event: 9.811 Thread 0x000001f854232f20 Uncommon trap: trap_request=0xffffffcc fr.pc=0x000001f865165360 relative=0x0000000000000240
Event: 9.811 Thread 0x000001f854232f20 Uncommon trap: reason=intrinsic_or_type_checked_inlining action=make_not_entrant pc=0x000001f865165360 method=java.util.Arrays.copyOf([Ljava/lang/Object;ILjava/lang/Class;)[Ljava/lang/Object; @ 35 c2
Event: 9.811 Thread 0x000001f854232f20 DEOPT PACKING pc=0x000001f865165360 sp=0x0000009ef48fd720
Event: 9.811 Thread 0x000001f854232f20 DEOPT UNPACKING pc=0x000001f864aa69a3 sp=0x0000009ef48fd6b0 mode 2
Event: 9.908 Thread 0x000001f854232f20 Uncommon trap: trap_request=0xffffffde fr.pc=0x000001f86511abf0 relative=0x00000000000000d0
Event: 9.908 Thread 0x000001f854232f20 Uncommon trap: reason=class_check action=maybe_recompile pc=0x000001f86511abf0 method=java.util.stream.AbstractPipeline.exactOutputSizeIfKnown(Ljava/util/Spliterator;)J @ 16 c2
Event: 9.908 Thread 0x000001f854232f20 DEOPT PACKING pc=0x000001f86511abf0 sp=0x0000009ef48ff080
Event: 9.908 Thread 0x000001f854232f20 DEOPT UNPACKING pc=0x000001f864aa69a3 sp=0x0000009ef48ff000 mode 2
Event: 10.229 Thread 0x000001f87847c320 Uncommon trap: trap_request=0xffffff45 fr.pc=0x000001f8650b20a4 relative=0x0000000000000104
Event: 10.229 Thread 0x000001f87847c320 Uncommon trap: reason=unstable_if action=reinterpret pc=0x000001f8650b20a4 method=java.util.concurrent.TimeUnit.convert(JLjava/util/concurrent/TimeUnit;)J @ 8 c2
Event: 10.229 Thread 0x000001f87847c320 DEOPT PACKING pc=0x000001f8650b20a4 sp=0x0000009ef61ff290
Event: 10.229 Thread 0x000001f87847c320 DEOPT UNPACKING pc=0x000001f864aa69a3 sp=0x0000009ef61ff240 mode 2

Classes unloaded (0 events):
No events

Classes redefined (0 events):
No events

Internal exceptions (20 events):
Event: 9.764 Thread 0x000001f854232f20 Exception <a 'java/lang/NoSuchMethodError'{0x00000000cd7cdf30}: 'java.lang.Object java.lang.invoke.DirectMethodHandle$Holder.invokeInterface(java.lang.Object, java.lang.Object, java.lang.Object, java.lang.Object)'> (0x00000000cd7cdf30) 
thrown [s\src\hotspot\share\interpreter\linkResolver.cpp, line 759]
Event: 9.768 Thread 0x000001f854232f20 Exception <a 'java/lang/NoSuchMethodError'{0x00000000cd7ded38}: 'void java.lang.invoke.DirectMethodHandle$Holder.invokeStaticInit(java.lang.Object, java.lang.Object)'> (0x00000000cd7ded38) 
thrown [s\src\hotspot\share\interpreter\linkResolver.cpp, line 759]
Event: 9.770 Thread 0x000001f854232f20 Exception <a 'java/lang/NoSuchMethodError'{0x00000000cd7eb5b0}: 'java.lang.Object java.lang.invoke.DirectMethodHandle$Holder.invokeStaticInit(java.lang.Object, java.lang.Object, java.lang.Object, java.lang.Object)'> (0x00000000cd7eb5b0) 
thrown [s\src\hotspot\share\interpreter\linkResolver.cpp, line 759]
Event: 9.771 Thread 0x000001f854232f20 Exception <a 'java/lang/IncompatibleClassChangeError'{0x00000000cd7f0e58}: Found class java.lang.Object, but interface was expected> (0x00000000cd7f0e58) 
thrown [s\src\hotspot\share\interpreter\linkResolver.cpp, line 826]
Event: 9.825 Thread 0x000001f854232f20 Exception <a 'java/lang/IncompatibleClassChangeError'{0x00000000d1527c08}: Found class java.lang.Object, but interface was expected> (0x00000000d1527c08) 
thrown [s\src\hotspot\share\interpreter\linkResolver.cpp, line 826]
Event: 9.886 Thread 0x000001f854232f20 Exception <a 'sun/nio/fs/WindowsException'{0x00000000d14c4298}> (0x00000000d14c4298) 
thrown [s\src\hotspot\share\prims\jni.cpp, line 516]
Event: 9.909 Thread 0x000001f854232f20 Exception <a 'java/lang/NoSuchMethodError'{0x00000000d1306ac0}: 'java.lang.Object java.lang.invoke.DirectMethodHandle$Holder.invokeVirtual(java.lang.Object, java.lang.Object, java.lang.Object)'> (0x00000000d1306ac0) 
thrown [s\src\hotspot\share\interpreter\linkResolver.cpp, line 759]
Event: 9.968 Thread 0x000001f854232f20 Exception <a 'java/lang/NoSuchMethodError'{0x00000000d1243e90}: 'java.lang.Object java.lang.invoke.DirectMethodHandle$Holder.invokeStatic(java.lang.Object, int, java.lang.Object, java.lang.Object, java.lang.Object, java.lang.Object)'> (0x00000000d1243e90) 
thrown [s\src\hotspot\share\interpreter\linkResolver.cpp, line 759]
Event: 9.969 Thread 0x000001f854232f20 Exception <a 'java/lang/NoSuchMethodError'{0x00000000d124c6b8}: 'java.lang.Object java.lang.invoke.DirectMethodHandle$Holder.newInvokeSpecial(java.lang.Object, int, java.lang.Object, java.lang.Object)'> (0x00000000d124c6b8) 
thrown [s\src\hotspot\share\interpreter\linkResolver.cpp, line 759]
Event: 9.970 Thread 0x000001f854232f20 Exception <a 'java/lang/NoSuchMethodError'{0x00000000d12507c0}: 'java.lang.Object java.lang.invoke.DirectMethodHandle$Holder.invokeSpecial(java.lang.Object, java.lang.Object, int, java.lang.Object, java.lang.Object)'> (0x00000000d12507c0) 
thrown [s\src\hotspot\share\interpreter\linkResolver.cpp, line 759]
Event: 10.068 Thread 0x000001f854232f20 Exception <a 'sun/nio/fs/WindowsException'{0x00000000d10d1ff0}> (0x00000000d10d1ff0) 
thrown [s\src\hotspot\share\prims\jni.cpp, line 516]
Event: 10.069 Thread 0x000001f854232f20 Exception <a 'sun/nio/fs/WindowsException'{0x00000000d10d2368}> (0x00000000d10d2368) 
thrown [s\src\hotspot\share\prims\jni.cpp, line 516]
Event: 10.097 Thread 0x000001f854232f20 Exception <a 'sun/nio/fs/WindowsException'{0x00000000d0ecd118}> (0x00000000d0ecd118) 
thrown [s\src\hotspot\share\prims\jni.cpp, line 516]
Event: 10.097 Thread 0x000001f854232f20 Exception <a 'sun/nio/fs/WindowsException'{0x00000000d0ecd4a8}> (0x00000000d0ecd4a8) 
thrown [s\src\hotspot\share\prims\jni.cpp, line 516]
Event: 10.118 Thread 0x000001f854232f20 Exception <a 'java/lang/NoSuchMethodError'{0x00000000d0c086e8}: 'int java.lang.invoke.DirectMethodHandle$Holder.invokeStaticInit(java.lang.Object, java.lang.Object, int, long)'> (0x00000000d0c086e8) 
thrown [s\src\hotspot\share\interpreter\linkResolver.cpp, line 759]
Event: 10.119 Thread 0x000001f854232f20 Exception <a 'java/lang/NoSuchMethodError'{0x00000000d0c0e278}: 'java.lang.Object java.lang.invoke.DirectMethodHandle$Holder.newInvokeSpecial(java.lang.Object, java.lang.Object, int)'> (0x00000000d0c0e278) 
thrown [s\src\hotspot\share\interpreter\linkResolver.cpp, line 759]
Event: 10.123 Thread 0x000001f854232f20 Exception <a 'java/lang/NoSuchMethodError'{0x00000000d0c222d0}: 'int java.lang.invoke.DirectMethodHandle$Holder.invokeStaticInit(java.lang.Object, java.lang.Object, long, long)'> (0x00000000d0c222d0) 
thrown [s\src\hotspot\share\interpreter\linkResolver.cpp, line 759]
Event: 10.124 Thread 0x000001f854232f20 Exception <a 'java/lang/NoSuchMethodError'{0x00000000d0c28228}: 'java.lang.Object java.lang.invoke.DirectMethodHandle$Holder.newInvokeSpecial(java.lang.Object, java.lang.Object, long)'> (0x00000000d0c28228) 
thrown [s\src\hotspot\share\interpreter\linkResolver.cpp, line 759]
Event: 10.124 Thread 0x000001f854232f20 Exception <a 'java/lang/NoSuchMethodError'{0x00000000d0c2bd98}: 'java.lang.Object java.lang.invoke.Invokers$Holder.linkToTargetMethod(java.lang.Object, long, java.lang.Object)'> (0x00000000d0c2bd98) 
thrown [s\src\hotspot\share\interpreter\linkResolver.cpp, line 759]
Event: 10.126 Thread 0x000001f854232f20 Exception <a 'java/lang/NoSuchMethodError'{0x00000000d0c33510}: 'int java.lang.invoke.DirectMethodHandle$Holder.invokeStaticInit(java.lang.Object, java.lang.Object, java.lang.Object, long)'> (0x00000000d0c33510) 
thrown [s\src\hotspot\share\interpreter\linkResolver.cpp, line 759]

VM Operations (20 events):
Event: 8.898 Executing VM operation: HandshakeAllThreads
Event: 8.898 Executing VM operation: HandshakeAllThreads done
Event: 8.898 Executing VM operation: HandshakeAllThreads
Event: 8.898 Executing VM operation: HandshakeAllThreads done
Event: 8.901 Executing VM operation: HandshakeAllThreads
Event: 8.901 Executing VM operation: HandshakeAllThreads done
Event: 9.071 Executing VM operation: HandshakeAllThreads
Event: 9.071 Executing VM operation: HandshakeAllThreads done
Event: 9.268 Executing VM operation: HandshakeAllThreads
Event: 9.268 Executing VM operation: HandshakeAllThreads done
Event: 9.372 Executing VM operation: ICBufferFull
Event: 9.372 Executing VM operation: ICBufferFull done
Event: 9.485 Executing VM operation: HandshakeAllThreads
Event: 9.485 Executing VM operation: HandshakeAllThreads done
Event: 9.628 Executing VM operation: HandshakeAllThreads
Event: 9.628 Executing VM operation: HandshakeAllThreads done
Event: 9.773 Executing VM operation: G1CollectForAllocation
Event: 9.793 Executing VM operation: G1CollectForAllocation done
Event: 10.230 Executing VM operation: HandshakeAllThreads
Event: 10.230 Executing VM operation: HandshakeAllThreads done

Events (20 events):
Event: 10.117 loading class java/util/function/LongPredicate done
Event: 10.120 loading class jdk/internal/access/foreign/MemorySegmentProxy
Event: 10.120 loading class jdk/internal/access/foreign/MemorySegmentProxy done
Event: 10.128 loading class java/nio/InvalidMarkException
Event: 10.128 loading class java/nio/InvalidMarkException done
Event: 10.128 loading class java/nio/BufferUnderflowException
Event: 10.128 loading class java/nio/BufferUnderflowException done
Event: 10.214 loading class java/util/concurrent/ScheduledThreadPoolExecutor$ScheduledFutureTask
Event: 10.215 loading class java/util/concurrent/FutureTask
Event: 10.215 loading class java/util/concurrent/FutureTask done
Event: 10.215 loading class java/util/concurrent/ScheduledThreadPoolExecutor$ScheduledFutureTask done
Event: 10.216 loading class java/util/concurrent/FutureTask$WaitNode
Event: 10.216 loading class java/util/concurrent/FutureTask$WaitNode done
Event: 10.216 loading class java/util/concurrent/Executors$RunnableAdapter
Event: 10.216 loading class java/util/concurrent/Executors$RunnableAdapter done
Event: 10.217 Thread 0x000001f87847c320 Thread added: 0x000001f87847c320
Event: 10.229 loading class java/util/concurrent/locks/AbstractQueuedSynchronizer$ConditionNode
Event: 10.229 loading class java/util/concurrent/ForkJoinPool$ManagedBlocker
Event: 10.229 loading class java/util/concurrent/ForkJoinPool$ManagedBlocker done
Event: 10.229 loading class java/util/concurrent/locks/AbstractQueuedSynchronizer$ConditionNode done


Dynamic libraries:
0x00007ff79bea0000 - 0x00007ff79beae000 	C:\Users\IvnoGood\.mcreator\gradle\jdks\eclipse_adoptium-17-amd64-windows\jdk-17.0.11+9\bin\java.exe
0x00007fffd6350000 - 0x00007fffd6548000 	C:\Windows\SYSTEM32\ntdll.dll
0x00007fffd44a0000 - 0x00007fffd455d000 	C:\Windows\System32\KERNEL32.DLL
0x00007fffd3b90000 - 0x00007fffd3e86000 	C:\Windows\System32\KERNELBASE.dll
0x00007fffd3a90000 - 0x00007fffd3b90000 	C:\Windows\System32\ucrtbase.dll
0x00007fffcadf0000 - 0x00007fffcae0b000 	C:\Users\IvnoGood\.mcreator\gradle\jdks\eclipse_adoptium-17-amd64-windows\jdk-17.0.11+9\bin\VCRUNTIME140.dll
0x00007fffcadd0000 - 0x00007fffcade7000 	C:\Users\IvnoGood\.mcreator\gradle\jdks\eclipse_adoptium-17-amd64-windows\jdk-17.0.11+9\bin\jli.dll
0x00007fffd5d40000 - 0x00007fffd5ede000 	C:\Windows\System32\USER32.dll
0x00007fffd4300000 - 0x00007fffd4322000 	C:\Windows\System32\win32u.dll
0x00007fffd4db0000 - 0x00007fffd4ddb000 	C:\Windows\System32\GDI32.dll
0x00007fffd3fd0000 - 0x00007fffd40e7000 	C:\Windows\System32\gdi32full.dll
0x00007fffd3f00000 - 0x00007fffd3f9d000 	C:\Windows\System32\msvcp_win.dll
0x00007fffc09b0000 - 0x00007fffc0c4a000 	C:\Windows\WinSxS\amd64_microsoft.windows.common-controls_6595b64144ccf1df_6.0.19041.3636_none_60b6a03d71f818d5\COMCTL32.dll
0x00007fffd6070000 - 0x00007fffd610e000 	C:\Windows\System32\msvcrt.dll
0x00007fffd5f40000 - 0x00007fffd5f72000 	C:\Windows\System32\IMM32.DLL
0x00007fffcd880000 - 0x00007fffcd88c000 	C:\Users\IvnoGood\.mcreator\gradle\jdks\eclipse_adoptium-17-amd64-windows\jdk-17.0.11+9\bin\vcruntime140_1.dll
0x00007fff92a20000 - 0x00007fff92aad000 	C:\Users\IvnoGood\.mcreator\gradle\jdks\eclipse_adoptium-17-amd64-windows\jdk-17.0.11+9\bin\msvcp140.dll
0x00007fff8d230000 - 0x00007fff8de92000 	C:\Users\IvnoGood\.mcreator\gradle\jdks\eclipse_adoptium-17-amd64-windows\jdk-17.0.11+9\bin\server\jvm.dll
0x00007fffd4940000 - 0x00007fffd49f0000 	C:\Windows\System32\ADVAPI32.dll
0x00007fffd5ca0000 - 0x00007fffd5d3f000 	C:\Windows\System32\sechost.dll
0x00007fffd6110000 - 0x00007fffd6235000 	C:\Windows\System32\RPCRT4.dll
0x00007fffd3fa0000 - 0x00007fffd3fc7000 	C:\Windows\System32\bcrypt.dll
0x00007fffd3860000 - 0x00007fffd38ab000 	C:\Windows\SYSTEM32\POWRPROF.dll
0x00007fffc99b0000 - 0x00007fffc99b9000 	C:\Windows\SYSTEM32\WSOCK32.dll
0x00007fffc7900000 - 0x00007fffc7927000 	C:\Windows\SYSTEM32\WINMM.dll
0x00007fffc8340000 - 0x00007fffc834a000 	C:\Windows\SYSTEM32\VERSION.dll
0x00007fffd5c30000 - 0x00007fffd5c9b000 	C:\Windows\System32\WS2_32.dll
0x00007fffd3840000 - 0x00007fffd3852000 	C:\Windows\SYSTEM32\UMPDC.dll
0x00007fffd18b0000 - 0x00007fffd18c2000 	C:\Windows\SYSTEM32\kernel.appcore.dll
0x00007fffccbc0000 - 0x00007fffccbca000 	C:\Users\IvnoGood\.mcreator\gradle\jdks\eclipse_adoptium-17-amd64-windows\jdk-17.0.11+9\bin\jimage.dll
0x00007fffc8020000 - 0x00007fffc8204000 	C:\Windows\SYSTEM32\DBGHELP.DLL
0x00007fffbd400000 - 0x00007fffbd434000 	C:\Windows\SYSTEM32\dbgcore.DLL
0x00007fffd3a00000 - 0x00007fffd3a82000 	C:\Windows\System32\bcryptPrimitives.dll
0x00007fffcada0000 - 0x00007fffcadc5000 	C:\Users\IvnoGood\.mcreator\gradle\jdks\eclipse_adoptium-17-amd64-windows\jdk-17.0.11+9\bin\java.dll
0x00007fff8d150000 - 0x00007fff8d227000 	C:\Users\IvnoGood\.mcreator\gradle\jdks\eclipse_adoptium-17-amd64-windows\jdk-17.0.11+9\bin\jsvml.dll
0x00007fffd5420000 - 0x00007fffd5b8a000 	C:\Windows\System32\SHELL32.dll
0x00007fffd1ab0000 - 0x00007fffd224e000 	C:\Windows\SYSTEM32\windows.storage.dll
0x00007fffd49f0000 - 0x00007fffd4d43000 	C:\Windows\System32\combase.dll
0x00007fffd3360000 - 0x00007fffd338e000 	C:\Windows\SYSTEM32\Wldp.dll
0x00007fffd6240000 - 0x00007fffd630d000 	C:\Windows\System32\OLEAUT32.dll
0x00007fffd43f0000 - 0x00007fffd449d000 	C:\Windows\System32\SHCORE.dll
0x00007fffd4390000 - 0x00007fffd43e5000 	C:\Windows\System32\shlwapi.dll
0x00007fffd3930000 - 0x00007fffd3955000 	C:\Windows\SYSTEM32\profapi.dll
0x00007fffcad80000 - 0x00007fffcad99000 	C:\Users\IvnoGood\.mcreator\gradle\jdks\eclipse_adoptium-17-amd64-windows\jdk-17.0.11+9\bin\net.dll
0x00007fffcb510000 - 0x00007fffcb61a000 	C:\Windows\SYSTEM32\WINHTTP.dll
0x00007fffd30c0000 - 0x00007fffd312a000 	C:\Windows\system32\mswsock.dll
0x00007fffb9ac0000 - 0x00007fffb9ad6000 	C:\Users\IvnoGood\.mcreator\gradle\jdks\eclipse_adoptium-17-amd64-windows\jdk-17.0.11+9\bin\nio.dll
0x00007fffa58a0000 - 0x00007fffa58b8000 	C:\Users\IvnoGood\.mcreator\gradle\jdks\eclipse_adoptium-17-amd64-windows\jdk-17.0.11+9\bin\zip.dll
0x00007fffc9e40000 - 0x00007fffc9e50000 	C:\Users\IvnoGood\.mcreator\gradle\jdks\eclipse_adoptium-17-amd64-windows\jdk-17.0.11+9\bin\verify.dll
0x00007fffc9e30000 - 0x00007fffc9e39000 	C:\Users\IvnoGood\.mcreator\gradle\jdks\eclipse_adoptium-17-amd64-windows\jdk-17.0.11+9\bin\management.dll
0x00007fffc9e20000 - 0x00007fffc9e2b000 	C:\Users\IvnoGood\.mcreator\gradle\jdks\eclipse_adoptium-17-amd64-windows\jdk-17.0.11+9\bin\management_ext.dll
0x00007fffd5f80000 - 0x00007fffd5f88000 	C:\Windows\System32\PSAPI.DLL
0x00007fffb1940000 - 0x00007fffb1957000 	C:\Windows\system32\napinsp.dll
0x00007fffb1920000 - 0x00007fffb193b000 	C:\Windows\system32\pnrpnsp.dll
0x00007fffce600000 - 0x00007fffce615000 	C:\Windows\system32\wshbth.dll
0x00007fffcf390000 - 0x00007fffcf3ad000 	C:\Windows\system32\NLAapi.dll
0x00007fffd2db0000 - 0x00007fffd2deb000 	C:\Windows\SYSTEM32\IPHLPAPI.DLL
0x00007fffd2df0000 - 0x00007fffd2ebb000 	C:\Windows\SYSTEM32\DNSAPI.dll
0x00007fffd4380000 - 0x00007fffd4388000 	C:\Windows\System32\NSI.dll
0x00007fffb1810000 - 0x00007fffb1822000 	C:\Windows\System32\winrnr.dll
0x00007fffcb2b0000 - 0x00007fffcb2ba000 	C:\Windows\System32\rasadhlp.dll
0x00007fffcb060000 - 0x00007fffcb0e0000 	C:\Windows\System32\fwpuclnt.dll
0x00007fff8d0d0000 - 0x00007fff8d145000 	C:\Users\IvnoGood\AppData\Local\Temp\lwjglIvnoGood\3.3.1-build-7\lwjgl.dll
0x00007fff8d060000 - 0x00007fff8d0c1000 	C:\Users\IvnoGood\AppData\Local\Temp\lwjglIvnoGood\3.3.1-build-7\glfw.dll
0x00007fff92820000 - 0x00007fff92865000 	C:\Windows\SYSTEM32\dinput8.dll
0x00007fffa4b90000 - 0x00007fffa4ba1000 	C:\Windows\SYSTEM32\xinput1_4.dll
0x00007fffd4330000 - 0x00007fffd437e000 	C:\Windows\System32\cfgmgr32.dll
0x00007fffd36c0000 - 0x00007fffd36f3000 	C:\Windows\SYSTEM32\DEVOBJ.dll
0x00007fffd17a0000 - 0x00007fffd17cf000 	C:\Windows\SYSTEM32\dwmapi.dll
0x00007fffc7380000 - 0x00007fffc74d2000 	C:\Windows\SYSTEM32\inputhost.dll
0x00007fffcf3b0000 - 0x00007fffcf4a6000 	C:\Windows\SYSTEM32\PROPSYS.dll
0x00007fffd10c0000 - 0x00007fffd11b2000 	C:\Windows\SYSTEM32\CoreMessaging.dll
0x00007fffd04b0000 - 0x00007fffd0605000 	C:\Windows\SYSTEM32\wintypes.dll
0x00007fffd0c60000 - 0x00007fffd0fbb000 	C:\Windows\SYSTEM32\CoreUIComponents.dll
0x00007fffd2b10000 - 0x00007fffd2b43000 	C:\Windows\SYSTEM32\ntmarta.dll
0x00007fffd13e0000 - 0x00007fffd147e000 	C:\Windows\system32\uxtheme.dll
0x00007fffd4710000 - 0x00007fffd4825000 	C:\Windows\System32\MSCTF.dll
0x00007fffb7aa0000 - 0x00007fffb7bc5000 	C:\Windows\SYSTEM32\opengl32.dll
0x00007fffb8520000 - 0x00007fffb854c000 	C:\Windows\SYSTEM32\GLU32.dll
0x00007fffd4830000 - 0x00007fffd48d9000 	C:\Windows\System32\clbcatq.dll
0x00007fffb7a70000 - 0x00007fffb7a9d000 	C:\Windows\System32\DriverStore\FileRepository\u0394423.inf_amd64_43768f937fdbbb9a\B394193\atig6pxx.dll
0x00007fffa96b0000 - 0x00007fffad33b000 	C:\Windows\System32\DriverStore\FileRepository\u0394423.inf_amd64_43768f937fdbbb9a\B394193\atio6axx.dll
0x00007fffd4f10000 - 0x00007fffd537e000 	C:\Windows\System32\SETUPAPI.dll
0x00007fffd3e90000 - 0x00007fffd3ef7000 	C:\Windows\System32\WINTRUST.dll
0x00007fffd41a0000 - 0x00007fffd42fd000 	C:\Windows\System32\CRYPT32.dll
0x00007fffd34f0000 - 0x00007fffd3502000 	C:\Windows\SYSTEM32\MSASN1.dll

dbghelp: loaded successfully - version: 4.0.5 - missing functions: none
symbol engine: initialized successfully - sym options: 0x614 - pdb path: .;C:\Users\IvnoGood\.mcreator\gradle\jdks\eclipse_adoptium-17-amd64-windows\jdk-17.0.11+9\bin;C:\Windows\SYSTEM32;C:\Windows\WinSxS\amd64_microsoft.windows.common-controls_6595b64144ccf1df_6.0.19041.3636_none_60b6a03d71f818d5;C:\Users\IvnoGood\.mcreator\gradle\jdks\eclipse_adoptium-17-amd64-windows\jdk-17.0.11+9\bin\server;C:\Users\IvnoGood\AppData\Local\Temp\lwjglIvnoGood\3.3.1-build-7;C:\Windows\System32\DriverStore\FileRepository\u0394423.inf_amd64_43768f937fdbbb9a\B394193

VM Arguments:
jvm_args: -Dforge.enableGameTest=true -Dforge.logging.console.level=debug -Dforge.logging.markers=REGISTRIES -DignoreList=bootstraplauncher,securejarhandler,asm-commons,asm-util,asm-analysis,asm-tree,asm,JarJarFileSystems,client-extra,fmlcore,javafmllanguage,lowcodelanguage,mclanguage,forge- -Djava.net.preferIPv6Addresses=system -DlegacyClassPath.file=C:\Users\IvnoGood\Desktop\hg\hg\build\classpath\runClient_minecraftClasspath.txt -DmergeModules=jna-5.10.0.jar,jna-platform-5.10.0.jar --module-path=C:\Users\IvnoGood\.mcreator\gradle\caches\modules-2\files-2.1\cpw.mods\bootstraplauncher\1.1.2\c546e00443d8432cda6baa1c860346980742628\bootstraplauncher-1.1.2.jar;C:\Users\IvnoGood\.mcreator\gradle\caches\modules-2\files-2.1\cpw.mods\securejarhandler\2.1.10\51e6a22c6c716beb11e244bf5b8be480f51dd6b5\securejarhandler-2.1.10.jar;C:\Users\IvnoGood\.mcreator\gradle\caches\modules-2\files-2.1\org.ow2.asm\asm-commons\9.7\e86dda4696d3c185fcc95d8d311904e7ce38a53f\asm-commons-9.7.jar;C:\Users\IvnoGood\.mcreator\gradle\caches\modules-2\files-2.1\org.ow2.asm\asm-util\9.7\c0655519f24d92af2202cb681cd7c1569df6ead6\asm-util-9.7.jar;C:\Users\IvnoGood\.mcreator\gradle\caches\modules-2\files-2.1\org.ow2.asm\asm-analysis\9.7\e4a258b7eb96107106c0599f0061cfc1832fe07a\asm-analysis-9.7.jar;C:\Users\IvnoGood\.mcreator\gradle\caches\modules-2\files-2.1\org.ow2.asm\asm-tree\9.7\e446a17b175bfb733b87c5c2560ccb4e57d69f1a\asm-tree-9.7.jar;C:\Users\IvnoGood\.mcreator\gradle\caches\modules-2\files-2.1\org.ow2.asm\asm\9.7\73d7b3086e14beb604ced229c302feff6449723\asm-9.7.jar;C:\Users\IvnoGood\.mcreator\gradle\caches\modules-2\files-2.1\net.minecraftforge\JarJarFileSystems\0.3.19\2464eb7d6b9ddb9db36a82cf8a95193e5c6fe020\JarJarFileSystems-0.3.19.jar --add-modules=ALL-MODULE-PATH --add-opens=java.base/java.util.jar=cpw.mods.securejarhandler --add-opens=java.base/java.lang.invoke=cpw.mods.securejarhandler --add-exports=java.base/sun.security.util=cpw.mods.securejarhandler --add-exports=jdk.naming.dns/com.sun.jndi.dns=java.naming -XX:HeapDumpPath=MojangTricksIntelDriversForPerformance_javaw.exe_minecraft.exe.heapdump -Dfile.encoding=UTF-8 -Duser.country=US -Duser.language=en -Duser.variant 
java_command: cpw.mods.bootstraplauncher.BootstrapLauncher --launchTarget forgeclientuserdev --version MOD_DEV --assetIndex 5 --assetsDir C:\Users\IvnoGood\.mcreator\gradle\caches\forge_gradle\assets --gameDir . --fml.forgeVersion 47.3.0 --fml.mcVersion 1.20.1 --fml.forgeGroup net.minecraftforge --fml.mcpVersion 20230612.114412
java_class_path (initial): C:\Users\IvnoGood\Desktop\hg\hg\build\classes\java\main;C:\Users\IvnoGood\Desktop\hg\hg\build\resources\main;C:\Users\IvnoGood\.mcreator\gradle\caches\forge_gradle\minecraft_user_repo\net\minecraftforge\forge\1.20.1-47.3.0_mapped_official_1.20.1\forge-1.20.1-47.3.0_mapped_official_1.20.1.jar;C:\Users\IvnoGood\.mcreator\gradle\caches\forge_gradle\minecraft_repo\versions\1.20.1\client-extra.jar;C:\Users\IvnoGood\.mcreator\gradle\caches\modules-2\files-2.1\net.minecraftforge\fmlearlydisplay\1.20.1-47.3.0\91e33682894f35862e9ce29d633e3258120952f0\fmlearlydisplay-1.20.1-47.3.0.jar;C:\Users\IvnoGood\.mcreator\gradle\caches\modules-2\files-2.1\net.minecraftforge\javafmllanguage\1.20.1-47.3.0\d7ebc62120f202109e300e084ca1a31a7b946a62\javafmllanguage-1.20.1-47.3.0.jar;C:\Users\IvnoGood\.mcreator\gradle\caches\modules-2\files-2.1\net.minecraftforge\lowcodelanguage\1.20.1-47.3.0\1bf3e845ea0ce750096da8c71c8364b188ab74d4\lowcodelanguage-1.20.1-47.3.0.jar;C:\Users\IvnoGood\.mcreator\gradle\caches\modules-2\files-2.1\net.minecraftforge\mclanguage\1.20.1-47.3.0\6093682e943ddccbabf70539319d7f2fe64db2e7\mclanguage-1.20.1-47.3.0.jar;C:\Users\IvnoGood\.mcreator\gradle\caches\modules-2\files-2.1\net.minecraftforge\fmlcore\1.20.1-47.3.0\3b6be96aba3e323f3c918e8ef6a96312d82d76ad\fmlcore-1.20.1-47.3.0.jar;C:\Users\IvnoGood\.mcreator\gradle\caches\modules-2\files-2.1\net.minecraftforge\fmlloader\1.20.1-47.3.0\547850469c8a336b4c60cb8619f6cd421e9e5f55\fmlloader-1.20.1-47.3.0.jar;C:\Users\IvnoGood\.mcreator\gradle\caches\modules-2\files-2.1\net.minecraftforge\JarJarSelector\0.3.19\376cc9c8ea60720cf027c01fc033de915699801c\JarJarSelector-0.3.19.jar;C:\Users\IvnoGood\.mcreator\gradle\caches\modules-2\files-2.1\net.minecraftforge\JarJarMetadata\0.3.19\83feaa9b770e6ac0e96ee4fc23fa89325c5fe2\JarJarMetadata-0.3.19.jar;C:\Users\IvnoGood\.mcreator\gradle\caches\modules-2\files-2.1\com.google.guava\guava\31.1-jre\60458f877d055d0c9114d9e1a2efb737b4bc282c\guava-31.1-jre.jar;C:\Us
Launcher Type: SUN_STANDARD

[Global flags]
     intx CICompilerCount                          = 3                                         {product} {ergonomic}
     uint ConcGCThreads                            = 1                                         {product} {ergonomic}
     uint G1ConcRefinementThreads                  = 4                                         {product} {ergonomic}
   size_t G1HeapRegionSize                         = 1048576                                   {product} {ergonomic}
    uintx GCDrainStackTargetSize                   = 64                                        {product} {ergonomic}
    ccstr HeapDumpPath                             = MojangTricksIntelDriversForPerformance_javaw.exe_minecraft.exe.heapdump         {manageable} {command line}
   size_t InitialHeapSize                          = 56623104                                  {product} {ergonomic}
   size_t MarkStackSize                            = 4194304                                   {product} {ergonomic}
   size_t MaxHeapSize                              = 903872512                                 {product} {ergonomic}
   size_t MaxNewSize                               = 542113792                                 {product} {ergonomic}
   size_t MinHeapDeltaBytes                        = 1048576                                   {product} {ergonomic}
   size_t MinHeapSize                              = 8388608                                   {product} {ergonomic}
    uintx NonNMethodCodeHeapSize                   = 5832780                                {pd product} {ergonomic}
    uintx NonProfiledCodeHeapSize                  = 122912730                              {pd product} {ergonomic}
    uintx ProfiledCodeHeapSize                     = 122912730                              {pd product} {ergonomic}
    uintx ReservedCodeCacheSize                    = 251658240                              {pd product} {ergonomic}
     bool SegmentedCodeCache                       = true                                      {product} {ergonomic}
   size_t SoftMaxHeapSize                          = 903872512                              {manageable} {ergonomic}
     bool UseCompressedClassPointers               = true                           {product lp64_product} {ergonomic}
     bool UseCompressedOops                        = true                           {product lp64_product} {ergonomic}
     bool UseG1GC                                  = true                                      {product} {ergonomic}
     bool UseLargePagesIndividualAllocation        = false                                  {pd product} {ergonomic}

Logging:
Log output configuration:
 #0: stdout all=warning uptime,level,tags
 #1: stderr all=off uptime,level,tags

Environment Variables:
JAVA_HOME=C:\Program Files\Pylo\MCreator\jdk
PATH=C:\Program Files\Microsoft\jdk-17.0.11.9-hotspot\bin;C:\Program Files (x86)\Common Files\Oracle\Java\java8path;C:\Program Files (x86)\Common Files\Oracle\Java\javapath;C:\Python312\Scripts\;C:\Python312\;C:\Windows\system32;C:\Windows;C:\Windows\System32\Wbem;C:\Windows\System32\WindowsPowerShell\v1.0\;C:\Windows\System32\OpenSSH\;C:\Users\IvnoGood\AppData\Local\Microsoft\WindowsApps;C:\Windows\AtlasModules;C:\Windows\AtlasModules\Apps;C:\Windows\AtlasModules\Other;C:\Windows\AtlasModules\Tools;C:\Windows\AtlasModules\Scripts;C:\Program Files\nodejs\;C:\ProgramData\chocolatey\bin;C:\Program Files\Tailscale\;C:\Program Files\aircrack-ng-1.7-win\bin;C:\Users\IvnoGood\AppData\Local\Programs\Microsoft VS Code\bin;C:\Program Files\Pylo\MCreator\jdk\bin
USERNAME=IvnoGood
OS=Windows_NT
PROCESSOR_IDENTIFIER=AMD64 Family 23 Model 32 Stepping 1, AuthenticAMD
TMP=C:\Users\IvnoGood\AppData\Local\Temp
TEMP=C:\Users\IvnoGood\AppData\Local\Temp



Periodic native trim disabled


---------------  S Y S T E M  ---------------

OS:
 Windows 10 , 64 bit Build 19041 (10.0.19041.3636)
OS uptime: 0 days 0:10 hours

CPU: total 4 (initial active 4) (4 cores per cpu, 2 threads per core) family 23 model 32 stepping 1 microcode 0x0, cx8, cmov, fxsr, ht, mmx, 3dnowpref, sse, sse2, sse3, ssse3, sse4a, sse4.1, sse4.2, popcnt, lzcnt, tsc, tscinvbit, avx, avx2, aes, clmul, bmi1, bmi2, adx, sha, fma, vzeroupper, clflush, clflushopt
Processor Information for all 4 processors :
  Max Mhz: 1200, Current Mhz: 1200, Mhz Limit: 1200

Memory: 4k page, system-wide physical 3440M (100M free)
TotalPageFile size 8440M (AvailPageFile size 1086M)
current process WorkingSet (physical memory assigned to process): 212M, peak: 218M
current process commit charge ("private bytes"): 256M, peak: 262M

vm_info: OpenJDK 64-Bit Server VM (17.0.11+9) for windows-amd64 JRE (17.0.11+9), built on Apr 17 2024 06:07:48 by "admin" with MS VC++ 16.10 / 16.11 (VS2019)

END.
